<?xml version="1.0" encoding="UTF-8"?>
<robot generator="Robot 7.3.2 (Python 3.12.6 on win32)" generated="2025-07-10T14:21:50.999218" rpa="false" schemaversion="5">
<suite id="s1" name="Selecionar Produto Mobile Ddt" source="C:\Iterasys\RobotSauceDemo140\tests\mobile\selecionar_produto_mobile_ddt.robot">
<kw name="Open Application" owner="AppiumLibrary" type="SETUP">
<arg>${REMOTE_URL}</arg>
<arg>platformName=Android</arg>
<arg>appium:platformVersion=9.0</arg>
<arg>appium:deviceName=Samsung Galaxy S9 FHD GoogleAPI Emulator</arg>
<arg>appium:deviceOrientation=portrait</arg>
<arg>appium:app=storage:filename=mda-2.0.1-22.apk</arg>
<arg>appium:appPackage=com.saucelabs.mydemoapp.android</arg>
<arg>appium:appActivity=com.saucelabs.mydemoapp.android.view.activities.SplashActivity</arg>
<arg>browserName=</arg>
<arg>appium:ensureWebviewsHavePages=${True}</arg>
<arg>appium:nativeWebScreenshot=${True}</arg>
<arg>appium:newCommandTimeout=${3600}</arg>
<arg>appium:connectHardwareKeyboard=${True}</arg>
<doc>Opens a new application to given Appium server.
Capabilities of appium server, Android and iOS,
Please check https://appium.io/docs/en/2.1/cli/args/
| *Option*            | *Man.* | *Description*     |
| remote_url          | Yes    | Appium server url |
| alias               | no     | alias             |
| strict_ssl          | No     | allows you to send commands to an invalid certificate host like a self-signed one. |</doc>
<status status="PASS" start="2025-07-10T14:21:51.256391" elapsed="51.213832"/>
</kw>
<test id="s1-t1" name="TC001" line="29">
<kw name="Selecionar Produto">
<kw name="Set Variable" owner="BuiltIn">
<msg time="2025-07-10T14:22:42.472223" level="INFO">${img_produto} = xpath=//android.widget.ImageView[@content-desc="Sauce Labs Backpack"]</msg>
<var>${img_produto}</var>
<arg>xpath=//android.widget.ImageView[@content-desc="${product_name}"]</arg>
<doc>Returns the given values which can then be assigned to a variables.</doc>
<status status="PASS" start="2025-07-10T14:22:42.472223" elapsed="0.000999"/>
</kw>
<for flavor="IN RANGE">
<iter>
<kw name="Swipe" owner="AppiumLibrary">
<arg>${470}</arg>
<arg>${1876}</arg>
<arg>${457}</arg>
<arg>${1224}</arg>
<doc>Swipe from one point to another point, for an optional duration.</doc>
<status status="NOT RUN" start="2025-07-10T14:22:42.473222" elapsed="0.000000"/>
</kw>
<var name="${counter}"/>
<status status="NOT RUN" start="2025-07-10T14:22:42.473222" elapsed="0.000000"/>
</iter>
<var>${counter}</var>
<value>${swipe_count}</value>
<status status="NOT RUN" start="2025-07-10T14:22:42.473222" elapsed="0.000000"/>
</for>
<kw name="Click Element" owner="AppiumLibrary">
<msg time="2025-07-10T14:22:42.476225" level="INFO">Clicking element 'xpath=//android.widget.ImageView[@content-desc="Sauce Labs Backpack"]'.</msg>
<msg time="2025-07-10T14:22:44.527186" level="INFO">xpath criteria: //android.widget.ImageView[@content-desc="Sauce Labs Backpack"]</msg>
<arg>${img_produto}</arg>
<doc>Click element identified by `locator`.</doc>
<status status="PASS" start="2025-07-10T14:22:42.474222" elapsed="2.052964"/>
</kw>
<kw name="Swipe" owner="AppiumLibrary">
<arg>${470}</arg>
<arg>${1876}</arg>
<arg>${457}</arg>
<arg>${1224}</arg>
<doc>Swipe from one point to another point, for an optional duration.</doc>
<status status="PASS" start="2025-07-10T14:22:44.527186" elapsed="4.071291"/>
</kw>
<kw name="Set Variable" owner="BuiltIn">
<msg time="2025-07-10T14:22:48.599491" level="INFO">${btn_adicionar_carrinho} = xpath=//android.widget.Button[@content-desc="Tap to add product to cart"]</msg>
<var>${btn_adicionar_carrinho}</var>
<arg>xpath=//android.widget.Button[@content-desc="Tap to add product to cart"]</arg>
<doc>Returns the given values which can then be assigned to a variables.</doc>
<status status="PASS" start="2025-07-10T14:22:48.598477" elapsed="0.001014"/>
</kw>
<kw name="Wait Until Element Is Visible" owner="AppiumLibrary">
<msg time="2025-07-10T14:22:50.258608" level="INFO">xpath criteria: //android.widget.Button[@content-desc="Tap to add product to cart"]</msg>
<arg>${btn_adicionar_carrinho}</arg>
<doc>Waits until element specified with `locator` is visible.</doc>
<status status="PASS" start="2025-07-10T14:22:48.599491" elapsed="1.660014"/>
</kw>
<kw name="Click Element" owner="AppiumLibrary">
<msg time="2025-07-10T14:22:50.261777" level="INFO">Clicking element 'xpath=//android.widget.Button[@content-desc="Tap to add product to cart"]'.</msg>
<msg time="2025-07-10T14:22:52.506938" level="INFO">xpath criteria: //android.widget.Button[@content-desc="Tap to add product to cart"]</msg>
<arg>${btn_adicionar_carrinho}</arg>
<doc>Click element identified by `locator`.</doc>
<status status="PASS" start="2025-07-10T14:22:50.259736" elapsed="2.247202"/>
</kw>
<kw name="Set Variable" owner="BuiltIn">
<msg time="2025-07-10T14:22:52.508007" level="INFO">${ico_carrinho} = xpath=//android.widget.RelativeLayout[@content-desc="Displays number of items in your cart"]/android.widget.ImageView</msg>
<var>${ico_carrinho}</var>
<arg>xpath=//android.widget.RelativeLayout[@content-desc="Displays number of items in your cart"]/android.widget.ImageView</arg>
<doc>Returns the given values which can then be assigned to a variables.</doc>
<status status="PASS" start="2025-07-10T14:22:52.508007" elapsed="0.000000"/>
</kw>
<kw name="Click Element" owner="AppiumLibrary">
<msg time="2025-07-10T14:22:52.510222" level="INFO">Clicking element 'xpath=//android.widget.RelativeLayout[@content-desc="Displays number of items in your cart"]/android.widget.ImageView'.</msg>
<msg time="2025-07-10T14:22:54.202249" level="INFO">xpath criteria: //android.widget.RelativeLayout[@content-desc="Displays number of items in your cart"]/android.widget.ImageView</msg>
<arg>${ico_carrinho}</arg>
<doc>Click element identified by `locator`.</doc>
<status status="PASS" start="2025-07-10T14:22:52.508007" elapsed="1.695186"/>
</kw>
<kw name="Set Variable" owner="BuiltIn">
<msg time="2025-07-10T14:22:54.203193" level="INFO">${lbl_nome_produto} = xpath=//android.widget.TextView[@resource-id="com.saucelabs.mydemoapp.android:id/titleTV"]</msg>
<var>${lbl_nome_produto}</var>
<arg>xpath=//android.widget.TextView[@resource-id="com.saucelabs.mydemoapp.android:id/titleTV"]</arg>
<doc>Returns the given values which can then be assigned to a variables.</doc>
<status status="PASS" start="2025-07-10T14:22:54.203193" elapsed="0.000000"/>
</kw>
<kw name="Element Text Should Be" owner="AppiumLibrary">
<msg time="2025-07-10T14:22:54.205639" level="INFO">Verifying element 'xpath=//android.widget.TextView[@resource-id="com.saucelabs.mydemoapp.android:id/titleTV"]' contains exactly text 'Sauce Labs Backpack'.</msg>
<msg time="2025-07-10T14:22:54.652814" level="INFO">xpath criteria: //android.widget.TextView[@resource-id="com.saucelabs.mydemoapp.android:id/titleTV"]</msg>
<arg>${lbl_nome_produto}</arg>
<arg>${product_name}</arg>
<doc>Verifies element identified by ``locator`` exactly contains text ``expected``.</doc>
<status status="PASS" start="2025-07-10T14:22:54.203193" elapsed="0.450562"/>
</kw>
<kw name="Set Variable" owner="BuiltIn">
<msg time="2025-07-10T14:22:54.653945" level="INFO">${lbl_preco_produto} = id=com.saucelabs.mydemoapp.android:id/priceTV</msg>
<var>${lbl_preco_produto}</var>
<arg>id=com.saucelabs.mydemoapp.android:id/priceTV</arg>
<doc>Returns the given values which can then be assigned to a variables.</doc>
<status status="PASS" start="2025-07-10T14:22:54.653945" elapsed="0.000000"/>
</kw>
<kw name="Element Text Should Be" owner="AppiumLibrary">
<msg time="2025-07-10T14:22:54.656992" level="INFO">Verifying element 'id=com.saucelabs.mydemoapp.android:id/priceTV' contains exactly text '$ 29.99'.</msg>
<msg time="2025-07-10T14:22:55.055469" level="INFO">criteria is com.saucelabs.mydemoapp.android:id/priceTV</msg>
<arg>${lbl_preco_produto}</arg>
<arg>${product_price}</arg>
<doc>Verifies element identified by ``locator`` exactly contains text ``expected``.</doc>
<status status="PASS" start="2025-07-10T14:22:54.653945" elapsed="0.401524"/>
</kw>
<arg>Sauce Labs Backpack</arg>
<arg>$ 29.99</arg>
<arg>0</arg>
<status status="PASS" start="2025-07-10T14:22:42.471184" elapsed="12.584285"/>
</kw>
<kw name="Limpar Carrinho e Deslogar" type="TEARDOWN">
<kw name="Click Element" owner="AppiumLibrary">
<msg time="2025-07-10T14:22:55.059470" level="INFO">Clicking element 'id=com.saucelabs.mydemoapp.android:id/removeBt'.</msg>
<msg time="2025-07-10T14:22:55.842106" level="INFO">criteria is com.saucelabs.mydemoapp.android:id/removeBt</msg>
<arg>id=com.saucelabs.mydemoapp.android:id/removeBt</arg>
<doc>Click element identified by `locator`.</doc>
<status status="PASS" start="2025-07-10T14:22:55.057505" elapsed="0.784601"/>
</kw>
<kw name="Click Element" owner="AppiumLibrary">
<msg time="2025-07-10T14:22:55.844144" level="INFO">Clicking element 'id=com.saucelabs.mydemoapp.android:id/menuIV'.</msg>
<msg time="2025-07-10T14:23:01.746256" level="INFO">criteria is com.saucelabs.mydemoapp.android:id/menuIV</msg>
<arg>id=com.saucelabs.mydemoapp.android:id/menuIV</arg>
<doc>Click element identified by `locator`.</doc>
<status status="PASS" start="2025-07-10T14:22:55.842106" elapsed="5.904150"/>
</kw>
<kw name="Click Element" owner="AppiumLibrary">
<msg time="2025-07-10T14:23:01.749242" level="INFO">Clicking element 'xpath=//androidx.recyclerview.widget.RecyclerView[@content-desc="Recycler view for menu"]/android.view.ViewGroup[1]/android.widget.TextView[2]'.</msg>
<msg time="2025-07-10T14:23:03.009481" level="INFO">xpath criteria: //androidx.recyclerview.widget.RecyclerView[@content-desc="Recycler view for menu"]/android.view.ViewGroup[1]/android.widget.TextView[2]</msg>
<arg>xpath=//androidx.recyclerview.widget.RecyclerView[@content-desc="Recycler view for menu"]/android.view.ViewGroup[1]/android.widget.TextView[2]</arg>
<doc>Click element identified by `locator`.</doc>
<status status="PASS" start="2025-07-10T14:23:01.747203" elapsed="1.262278"/>
</kw>
<status status="PASS" start="2025-07-10T14:22:55.056470" elapsed="7.953011"/>
</kw>
<status status="PASS" start="2025-07-10T14:22:42.470223" elapsed="20.539258"/>
</test>
<test id="s1-t2" name="TC002" line="30">
<kw name="Selecionar Produto">
<kw name="Set Variable" owner="BuiltIn">
<msg time="2025-07-10T14:23:03.025175" level="INFO">${img_produto} = xpath=//android.widget.ImageView[@content-desc="Sauce Labs Bike Light"]</msg>
<var>${img_produto}</var>
<arg>xpath=//android.widget.ImageView[@content-desc="${product_name}"]</arg>
<doc>Returns the given values which can then be assigned to a variables.</doc>
<status status="PASS" start="2025-07-10T14:23:03.009481" elapsed="0.015694"/>
</kw>
<for flavor="IN RANGE">
<iter>
<kw name="Swipe" owner="AppiumLibrary">
<arg>${470}</arg>
<arg>${1876}</arg>
<arg>${457}</arg>
<arg>${1224}</arg>
<doc>Swipe from one point to another point, for an optional duration.</doc>
<status status="NOT RUN" start="2025-07-10T14:23:03.025554" elapsed="0.000000"/>
</kw>
<var name="${counter}"/>
<status status="NOT RUN" start="2025-07-10T14:23:03.025554" elapsed="0.000000"/>
</iter>
<var>${counter}</var>
<value>${swipe_count}</value>
<status status="NOT RUN" start="2025-07-10T14:23:03.025175" elapsed="0.000379"/>
</for>
<kw name="Click Element" owner="AppiumLibrary">
<msg time="2025-07-10T14:23:03.027590" level="INFO">Clicking element 'xpath=//android.widget.ImageView[@content-desc="Sauce Labs Bike Light"]'.</msg>
<msg time="2025-07-10T14:23:04.144192" level="INFO">xpath criteria: //android.widget.ImageView[@content-desc="Sauce Labs Bike Light"]</msg>
<arg>${img_produto}</arg>
<doc>Click element identified by `locator`.</doc>
<status status="PASS" start="2025-07-10T14:23:03.025554" elapsed="1.118638"/>
</kw>
<kw name="Swipe" owner="AppiumLibrary">
<arg>${470}</arg>
<arg>${1876}</arg>
<arg>${457}</arg>
<arg>${1224}</arg>
<doc>Swipe from one point to another point, for an optional duration.</doc>
<status status="PASS" start="2025-07-10T14:23:04.144192" elapsed="1.476707"/>
</kw>
<kw name="Set Variable" owner="BuiltIn">
<msg time="2025-07-10T14:23:05.621901" level="INFO">${btn_adicionar_carrinho} = xpath=//android.widget.Button[@content-desc="Tap to add product to cart"]</msg>
<var>${btn_adicionar_carrinho}</var>
<arg>xpath=//android.widget.Button[@content-desc="Tap to add product to cart"]</arg>
<doc>Returns the given values which can then be assigned to a variables.</doc>
<status status="PASS" start="2025-07-10T14:23:05.621901" elapsed="0.000000"/>
</kw>
<kw name="Wait Until Element Is Visible" owner="AppiumLibrary">
<msg time="2025-07-10T14:23:11.246570" level="INFO">&lt;?xml version='1.0' encoding='UTF-8' standalone='yes' ?&gt;
&lt;hierarchy index="0" class="hierarchy" rotation="0" width="1080" height="2076"&gt;
  &lt;android.widget.FrameLayout index="0" package="com.saucelabs.mydemoapp.android" class="android.widget.FrameLayout" text="" checkable="false" checked="false" clickable="false" enabled="true" focusable="false" focused="false" long-clickable="false" password="false" scrollable="false" selected="false" bounds="[0,0][1080,2076]" displayed="true"&gt;
    &lt;android.widget.LinearLayout index="0" package="com.saucelabs.mydemoapp.android" class="android.widget.LinearLayout" text="" checkable="false" checked="false" clickable="false" enabled="true" focusable="false" focused="false" long-clickable="false" password="false" scrollable="false" selected="false" bounds="[0,0][1080,2076]" displayed="true"&gt;
      &lt;android.widget.FrameLayout index="0" package="com.saucelabs.mydemoapp.android" class="android.widget.FrameLayout" text="" checkable="false" checked="false" clickable="false" enabled="true" focusable="false" focused="false" long-clickable="false" password="false" scrollable="false" selected="false" bounds="[0,72][1080,2076]" displayed="true"&gt;
        &lt;android.widget.LinearLayout index="0" package="com.saucelabs.mydemoapp.android" class="android.widget.LinearLayout" text="" resource-id="com.saucelabs.mydemoapp.android:id/action_bar_root" checkable="false" checked="false" clickable="false" enabled="true" focusable="false" focused="false" long-clickable="false" password="false" scrollable="false" selected="false" bounds="[0,72][1080,2076]" displayed="true"&gt;
          &lt;android.widget.FrameLayout index="0" package="com.saucelabs.mydemoapp.android" class="android.widget.FrameLayout" text="" resource-id="android:id/content" checkable="false" checked="false" clickable="false" enabled="true" focusable="false" focused="false" long-clickable="false" password="false" scrollable="false" selected="false" bounds="[0,72][1080,2076]" displayed="true"&gt;
            &lt;androidx.drawerlayout.widget.DrawerLayout index="0" package="com.saucelabs.mydemoapp.android" class="androidx.drawerlayout.widget.DrawerLayout" text="" resource-id="com.saucelabs.mydemoapp.android:id/container" checkable="false" checked="false" clickable="false" enabled="true" focusable="false" focused="false" long-clickable="false" password="false" scrollable="false" selected="false" bounds="[0,72][1080,2076]" displayed="true"&gt;
              &lt;android.view.ViewGroup index="0" package="com.saucelabs.mydemoapp.android" class="android.view.ViewGroup" text="" checkable="false" checked="false" clickable="false" enabled="true" focusable="false" focused="false" long-clickable="false" password="false" scrollable="false" selected="false" bounds="[0,72][1080,2076]" displayed="true"&gt;
                &lt;android.view.ViewGroup index="0" package="com.saucelabs.mydemoapp.android" class="android.view.ViewGroup" text="" resource-id="com.saucelabs.mydemoapp.android:id/header" checkable="false" checked="false" clickable="false" enabled="true" focusable="false" focused="false" long-clickable="false" password="false" scrollable="false" selected="false" bounds="[0,72][1080,222]" displayed="true"&gt;
                  &lt;android.widget.ImageView index="0" package="com.saucelabs.mydemoapp.android" class="android.widget.ImageView" text="" content-desc="App logo and name" resource-id="com.saucelabs.mydemoapp.android:id/mTvTitle" checkable="false" checked="false" clickable="false" enabled="true" focusable="false" focused="false" long-clickable="false" password="false" scrollable="false" selected="false" bounds="[0,117][1080,177]" displayed="true" /&gt;
                  &lt;android.widget.ImageView index="1" package="com.saucelabs.mydemoapp.android" class="android.widget.ImageView" text="" content-desc="View menu" resource-id="com.saucelabs.mydemoapp.android:id/menuIV" checkable="false" checked="false" clickable="true" enabled="true" focusable="true" focused="false" long-clickable="false" password="false" scrollable="false" selected="false" bounds="[36,102][126,192]" displayed="true" /&gt;
                  &lt;android.widget.RelativeLayout index="2" package="com.saucelabs.mydemoapp.android" class="android.widget.RelativeLayout" text="" content-desc="View cart" resource-id="com.saucelabs.mydemoapp.android:id/cartRL" checkable="false" checked="false" clickable="true" enabled="true" focusable="true" focused="false" long-clickable="false" password="false" scrollable="false" selected="false" bounds="[954,102][1044,192]" displayed="true"&gt;
                    &lt;android.widget.ImageView index="0" package="com.saucelabs.mydemoapp.android" class="android.widget.ImageView" text="" content-desc="Displays number of items in your cart" resource-id="com.saucelabs.mydemoapp.android:id/cartIV" checkable="false" checked="false" clickable="false" enabled="true" focusable="false" focused="false" long-clickable="false" password="false" scrollable="false" selected="false" bounds="[954,111][1020,183]" displayed="true" /&gt;
                  &lt;/android.widget.RelativeLayout&gt;
                  &lt;android.view.View index="3" package="com.saucelabs.mydemoapp.android" class="android.view.View" text="" checkable="false" checked="false" clickable="false" enabled="true" focusable="false" focused="false" long-clickable="false" password="false" scrollable="false" selected="false" bounds="[0,220][1080,222]" displayed="true" /&gt;
                &lt;/android.view.ViewGroup&gt;
                &lt;android.widget.FrameLayout index="1" package="com.saucelabs.mydemoapp.android" class="android.widget.FrameLayout" text="" content-desc="Container for fragments" resource-id="com.saucelabs.mydemoapp.android:id/fragment_container" checkable="false" checked="false" clickable="false" enabled="true" focusable="false" focused="false" long-clickable="false" password="false" scrollable="false" selected="false" bounds="[0,222][1080,2076]" displayed="true"&gt;
                  &lt;android.view.ViewGroup index="0" package="com.saucelabs.mydemoapp.android" class="android.view.ViewGroup" text="" checkable="false" checked="false" clickable="false" enabled="true" focusable="false" focused="false" long-clickable="false" password="false" scrollable="false" selected="false" bounds="[0,222][1080,2076]" displayed="true"&gt;
                    &lt;android.view.ViewGroup index="0" package="com.saucelabs.mydemoapp.android" class="android.view.ViewGroup" text="" resource-id="com.saucelabs.mydemoapp.android:id/noItemCL" checkable="false" checked="false" clickable="false" enabled="true" focusable="false" focused="false" long-clickable="false" password="false" scrollable="false" selected="false" bounds="[0,222][1080,2076]" displayed="true"&gt;
                      &lt;android.widget.TextView index="0" package="com.saucelabs.mydemoapp.android" class="android.widget.TextView" text="No Items" resource-id="com.saucelabs.mydemoapp.android:id/noItemTitleTV" checkable="false" checked="false" clickable="false" enabled="true" focusable="false" focused="false" long-clickable="false" password="false" scrollable="false" selected="false" bounds="[394,342][687,439]" displayed="true" /&gt;
                      &lt;android.widget.LinearLayout index="1" package="com.saucelabs.mydemoapp.android" class="android.widget.LinearLayout" text="" resource-id="com.saucelabs.mydemoapp.android:id/cartInfoLL" checkable="false" checked="false" clickable="false" enabled="true" focusable="false" focused="false" long-clickable="false" password="false" scrollable="false" selected="false" bounds="[0,439][1080,1073]" displayed="true"&gt;
                        &lt;android.widget.ImageView index="0" package="com.saucelabs.mydemoapp.android" class="android.widget.ImageView" text="" checkable="false" checked="false" clickable="false" enabled="true" focusable="false" focused="false" long-clickable="false" password="false" scrollable="false" selected="false" bounds="[396,559][684,847]" displayed="true" /&gt;
                        &lt;android.widget.TextView index="1" package="com.saucelabs.mydemoapp.android" class="android.widget.TextView" text="Oh no! Your cart is empty. Fill it up with swag to complete your purchase." checkable="false" checked="false" clickable="false" enabled="true" focusable="false" focused="false" long-clickable="false" password="false" scrollable="false" selected="false" bounds="[60,967][1020,1073]" displayed="true" /&gt;
                      &lt;/android.widget.LinearLayout&gt;
                      &lt;android.widget.Button index="2" package="com.saucelabs.mydemoapp.android" class="android.widget.Button" text="Go Shopping" resource-id="com.saucelabs.mydemoapp.android:id/shoppingBt" checkable="false" checked="false" clickable="true" enabled="true" focusable="true" focused="false" long-clickable="false" password="false" scrollable="false" selected="false" bounds="[240,1163][840,1337]" displayed="true" /&gt;
                    &lt;/android.view.ViewGroup&gt;
                  &lt;/android.view.ViewGroup&gt;
                &lt;/android.widget.FrameLayout&gt;
              &lt;/android.view.ViewGroup&gt;
            &lt;/androidx.drawerlayout.widget.DrawerLayout&gt;
          &lt;/android.widget.FrameLayout&gt;
        &lt;/android.widget.LinearLayout&gt;
      &lt;/android.widget.FrameLayout&gt;
    &lt;/android.widget.LinearLayout&gt;
  &lt;/android.widget.FrameLayout&gt;
&lt;/hierarchy&gt;</msg>
<kw name="Capture Page Screenshot" owner="AppiumLibrary">
<msg time="2025-07-10T14:23:12.414909" level="INFO" html="true">&lt;/td&gt;&lt;/tr&gt;&lt;tr&gt;&lt;td colspan="3"&gt;&lt;img src="data:image/png;base64, iVBORw0KGgoAAAANSUhEUgAABDgAAAisCAYAAACtR1KuAAAABHNCSVQICAgIfAhkiAAAIABJREFU
eJzs3Xd829W9//G3huW9d/YEwggj7FH2niFsSIFCC/S29LYQSmnpj1JGy+XSlguUMFrKCiGEMsLe
pIwQSEggeyd2Ysc73rak7++PJI5kS7IkS5aP83r2waPWV199z3HsOP6+dc7nY7MsyxIAAAAAAIDB
7ImeAAAAAAAAQF8RcAAAAAAAAOMRcAAAAAAAAOMRcAAAAAAAAOMRcAAAAAAAAOMRcAAAAAAAAOMR
cAAAAAAAAOMRcAAAAAAAAOMRcAAAAAAAAOMRcAAAAAAAAOMRcAAAAAAAAOMRcAAAAAAAAOMRcAAA
AAAAAOMRcAAAAAAAAOMRcAAAAAAAAOMRcAAAAAAAAOMRcAAAAAAAAOMRcAAAAAAAAOMRcAAAAAAA
AOMRcAAAAAAAAOMRcAAAAAAAAOMRcAAAAAAAAOMRcAAAAAAAAOMRcAAAAAAAAOMRcAAAAAAAAOMR
cAAAAAAAAOMRcAAAAAAAAOMRcAAAAAAAAOMRcAAAAAAAAOMRcAAAAAAAAOMRcAAAAAAAAOMRcAAA
AAAAAOMRcAAAAAAAAOMRcAAAAAAAAOMRcAAAAAAAAOMRcAAAAAAAAOMRcAAAAAAAAOMRcAAAAAAA
AOMRcAAAAAAAAOMRcAAAAAAAAOMRcAAAAAAAAOMRcAAAAAAAAOMRcAAAAAAAAOMRcAAAAAAAAOMR
cAAAAAAAAOMRcAAAAAAAAOMRcAAAAAAAAOMRcAAAAAAAAOMRcAAAAAAAAOMRcAAAAAAAAOMRcAAA
AAAAAOMRcAAAAAAAAOMRcAAAAAAAAOMRcAAAAAAAAOMRcAAAAAAAAOMRcAAAAAAAAOMRcAAAAAAA
AOMRcAAAAAAAAOMRcAAAAAAAAOMRcAAAAAAAAOMRcAAAAAAAAOMRcAAAAAAAAOMRcAAAAAAAAOMR
cAAAAAAAAOMRcAAAAAAAAOMRcAAAAAAAAOMRcAAAAAAAAOMRcAAAAAAAAOMRcAAAAAAAAOMRcAAA
AAAAAOMRcAAAAAAAAOMRcAAAAAAAAOMRcAAAAAAAAOMRcAAAAAAAAOMRcAAAAAAAAOMRcAAAAAAA
AOMRcAAAAAAAAOMRcAAAAAAAAOMRcAAAAAAAAOMRcAAAAAAAAOMRcAAAAAAAAOMRcAAAAAAAAOMR
cAAAAAAAAOMRcAAAAAAAAOMRcAAAAAAAAOMRcAAAAAAAAOMRcAAAAAAAAOMRcAAAAAAAAOMRcAAA
AAAAAOMRcAAAAAAAAOMRcAAAAAAAAOMRcAAAAAAAAOMRcAAAAAAAAOMRcAAAAAAAAOMRcAAAAAAA
AOMRcAAAAAAAAOMRcAAAAAAAAOMRcAAAAAAAAOMRcAAAAAAAAOMRcAAAAAAAAOMRcAAAAAAAAOMR
cAAAAAAAAOMRcAAAAAAAAOMRcAAAAAAAAOMRcAAAAAAAAOMRcAAAAAAAAOMRcAAAAAAAAOMRcAAA
AAAAAOMRcAAAAAAAAOMRcAAAAAAAAOMRcAAAAAAAAOMRcAAAAAAAAOMRcAAAAAAAAOM5Ez0BAAAA
AABiae26TZrx0htqaW3TlHNO1kEH7JPoKaEfsIIDAAAAADCoPPfiHFVW1aixqVkvvfquausaEj0l
9AMCDgAAAADAoNLe0dH1cVNzi5578XV5vN4Ezgj9gYADABLEkuSVJa+sRE8FAABgUDn9pGNkt++6
3V27vkyrVq9P3ITQL6jBAQB91Ort1LL2Si1vr1S71x3Ra72yZMmSret//hw2my7NmaQkmyN2EwYA
ABjk9tl7nD75fL4qKqslSR6PR59+9rXGjx0ph4PfqwYrAg4AiJLb8mpmwwI9XvuFvFZ8VmGMcuXp
h7mHxuXaAAAAg1V2VqYOO3h/vfrGB13HVqxapyXLVmvivnsmcGaIJ7aoAEAU3JZXPyufpek1n8ct
3JCk0zInxO3aAAAAg5XNZtPxxxymkcOHdB3rdLs1Y/ab6uzsTODMEE8EHAAQhbu2vqOl7ZVxH+eE
jD3iPgYAAMBgZLfbdM4ZJ8jlSuo61tzcok8//0ZWHN+gQuIQcABAhFZ2VOmjplVxH2dYUo6KnBlx
HwcAAGCwGjl8iMaOGu537LMvF6ipuSVBM0I8EXAAQIReqv+2X/qeXJC9v+w9yo4CAAAgXC5Xkk44
9nA5fDqqVNfU6bMvFyZwVogXo4uMrlq1So2NjYmexoCQmZmp8ePHJ3oawKDnlldftKyL+zgOm13H
po+L+zgAAACD3R7jRungg/bTvK8XdR374JMvtM+EsRo+tDSBM0OsGR1wrFy5UhUVFYmexoBQUlJC
wAH0g9XtVWrwtMV9nBJnpnKdaXEfBwAAYLCz2Ww694wTtHT5ajU2NUuS2ts79N5HX2jqxWcrKSmp
lyvAFGxRAYAIvFDfP8sZT82cwPYUAACAGElPT9VRhx8km23X71crVq3T5i1bEzgrxJrRKzgAoD91
WB7Na1kf93EcNrvOz5oY93EwMDR52/VS/beSTZIlySZZO/7ftuP/ZWlX3Zcdx1PsScp2pKrImaFx
rgJlO1L7Zb4LW8u0qLV814Gd8+s2X+38vx2PbT7Hd77O8jlut9n0w9xDo5rT0rYKzWvZsD0S9Plz
3DneVXmHRXXd7l7b9p1q3C0Bo8dcZ5rOzdovJuP0ZmNnnd5rXKHPm9dpdUdV0PPGuvJ1WNponZK5
l0a78vplbgAwUNlsNh152IH69LP5amndvhq3tbVNH3wyT1ddfp7sdt77HwwIOAAgTKvbq9Ti7Yj7
OCXOLGU5UuI+Tl990bJet255retxniNN/x51bVzG+vPW9/Vm49Kux1fkHqwf5x0Z9uu9snTy2ofl
trxdx2aNvFpFzsyYzG+bp01nr3/M79gnY28M67WN3nb9s25eTOYhSdfmHaGzs/ZVTpwCjwWtZXq6
7quYX9dpc0QdcLzZuFSvb/s+6PNTcg5Qpj052ql1+d+qj4I+NyIpN64BR6fl0QsNC/VEzedhv2ZN
R43WdNTo+fqvJW3/3rgsZ5IctsT9En/smgf9Hr886hrlO9LjNt7TdfP1ZO0XfbrGrUUn69j0sUqz
u/o8n1pPiyavf6JP1zgra19dk3e48hxsYwQilZOdqdNP/oFmv/Zu17Fvv1umr74Zq8MP2T+BM0Os
EFMBQJhealjUL91Tzsnatx9G6bs6j397tVpPi6rdzXEZyzfckKRV7dURvd4um+4tOdvv2H+Vv9Tn
ee30s82z/R4/MGRyzK4dqSdqv9C56x/X5PVPaGNnXcLm0Z9Wd4T+fng8glAgmOfqvg75fIsVv/Dz
oeq5OmXtIxGFG4E8UfuFTlr7sB6s/iRGM4vMs3Xzexz7tU9IOlD9aet7OmPdo7qxfHbvJ/eDOdu+
1+T1T+i89U/0S+gODDbHHn2Ixowa5nfsw0+/VMO2Rnk8nsHzn9cb5E9gcGMFBwCEod1y90v3FEk6
OWPPfhmnryo6t/U49tuKOZo+7OKYjvNYgHdfK9w9x+7NoWkjNSQpW5s7GyRJW92NmteyXoeljerT
/Ba3bdaGjpqux3mONE1KHd6na8ZCradFUzc+o1Jnlp4acYVSbIP3n/z1HbUhn39123f6VeHxfRrj
+fpvQj7f7nX36fqBVLobdW3ZDG2LYWFjryzNblikj5pW6ZGhF6k0KStm1+7NC/ULehxb11Ejt+WV
M4GrSsJhSVrUVq6T1z6il0Ze3W9bwkKp87To9HWP6saCYzUlm3eegUgcd/ShKiuvVEdnpySpqrpO
j/3zRSUn932l1kCRmpKik44/QqNHDuv95EFk8P62AwAxtLy9Us398E5ZsTNTeYZ0TwkUMixvr1SH
5ZHL5ojJGJak2Q3f9jge7c3k/w2Zoikb/tH1+PaKN/X2mBv6VND1lm7vQP9j+GVRXysetri36dS1
j+jukrN0dPqYRE8nLlrD+Ls5v2WDDkkbGdX1t7qb1ORtDz0HK7YBx7yWDbply6sxvaavWk+LLtn4
lP5nyHk6NHVE3MbZqcHTpkafP0O7bPLKktvyakNnrca6CuI+B0l6Y/R1yghju1KDp1UvN3ynNxq/
V5W7qet4h+XWeeuf0GujfxKTbU+3FZ2sUzMnhHXu5y3r9Pfq/6iss15en/WED1Z/okx7sk7J3KvP
8wF2F/tMGK+C/FxtrtheYNTj8WhT+eDrzlldU6vf3HRdoqfRr4wOOM4888xETwHAbuKNbUt7PymI
S3MOUuqOvdt+tQ8tS5Ys2W32ruO17hb9q3bejsqLO3RVYuz+8Y7n/YoqWsp2pGqvlGLtmVwkRxx3
ItZ5WgMef6Rmrv674LiYjPFta5navJ09jrdHeTNZ4MzQSRl76v2mFV3XebL2S/0474iorjezfoHf
zfWJGXsod4Dui/9txRz9ouBYnb+bvtN779b39fKoa6J87Xu9nuO2PPLKikn3ow+aVurOyrf7fJ1w
TNv8Sr+sAHikZm7Xx9mOVGXYXSrfsZrqps2v6JU41e+JVrYjVVfnHaqr8w7Vho46/XDTM13PeWVp
8von9P6Y/+rXOR2ZNlpHjhitFm+Hri6boYodf36SdPfWd7VfypB+XZEDmCwpyamLp5yuB//+zKDe
ylG/rTHRU+h3RgccANAfPPLqs+a1Ub22xJmp6/KPCnjT45tPSJLb8uqijf+MWR2LbEeKrsw9VOdn
7x+XlrNb3bv+0XTZnOrYETr8u2FxzAKO31TM6fo4yeZQp+WRpK6xorpm0cn6uHlVV8HRZ+vm69Kc
g8J6V9dXm+XWozWf+R27teikqOcVyKmZE/SD9LE9jndaHjVbHdrYUadvW8u0oj28Fnd/q/5EuY40
HZ8xPqbz3OmWopOUbY+uQG68myLXeJrV4GmNamvBgtZNYZ3X7nUr1Z4U8fW7jxVuuFHizNL52RN1
QOowjXbly7Xj78imznrNa9mgNxuXaGNH73VYHqz+RMOScnRYlCtcwvF247Kuj/dPGaqTM/fU7RVv
SNq+1cIjb1wD2b4Y6crVe2P+S+esf0ytOwLXTsujp+rm6arc2HToiUSa3aWZI67UHRVv6aPmVV3H
b9ryip4f8cN+nw9gqtEjh6m0pEhlmwffyo2dxo2J38/1gYqAAwB6saGjzm9pdSTOyto3aLjQ/WiF
e5tq3S0Bz41Gg6dND1Z/qnktG/Sn0rNjfvNQ71MX4Lzs/fRi/cKux0/XzdcPcw/p0/XXd9T6rY64
pfBE3b11e9Xztj4EHE6bXbcUnqR7tu6qoH7z5lf16LCLIrrOb7a85rdM/JeFx8sV4zoXI125YW8r
2dBRp19XvKotAWqj+Lqj8i3tnVKi4hh1kPF1WNpIFcSxI0ZfPVzzH91WdHJEr3l123dhn9tuuZWq
6AOOBk+bfrn5372eN8aVr8eGXaKkAFvBkmwOjXHla4wrX5fmHCRJur7sRS1rD/0L/C1bXtWc0dfF
ZNtFd0va/Mf+VeFxPVY6zaxfqMtyJsV87Fhx2Rx6e/QNfl1g/lmbmIBjpztKTtfX6zZ2/ftU3lmv
Gk9zXLvSAINNYUGuX8Cx397jddABZhR7787tdmvmy2/K7fZ0HZu4jxl13WKJgAMAejG927v04bLL
FvaeaK8svdW41O+GOVbmtWzQQ9Vz9YuCY2N63fpuXVSyHWlq2HFsRv03fQ447q/6wO+xb9tTj+Xt
U2HCUzP30mO1n6t6x976Ze0VWtdRo9Gu/LBev7GzTgtay7oeZzlS4toiNBwjXbl6YcRVWt1erWvK
ng957rVlM/T6qJ/008zia+eqnnC807gs4oDjydov4zKXQK7e9Fyv5zwx7FKNTy6M6LqPDrtIW9zb
dMmGp0KeN2X9k3p3zE8junY4nq33756yM9wodGZ01bd4ru7rAR1w7HRc+jh93Ly66/HmzgYNScpO
2Hx+W3yqX7vuOyre0v8NvSBh8wFMM3RIiRYu3rXCzOuVJh2wdwJnFL2y8kq/x6kpKRpaWpSg2STO
wFwLCAADRKfl1eK2zVG9tsCZoSJnRnjjeD16c9uy3k+M0r8bFnfdzMfL33xao7Z4O3q8axup79q2
dH08NUBYEm0djp0eKPVv5frT8lmywgyYpm32L/748NAL477FIlzjkgv09ugbQnZN2eZp0ysRrEwY
yGo8kW3p+qJlfdjnNns71BCk1kwgffmefKdxecjPJcWWpLdH3xBxuLFTqTNLr436ccBVHzu1W269
3LAoquuH8nnzrg5Ux6Xv2h51Uc6BXR83edv7HBD1B985S9tb7ybSEd26QK3rpaMQAH8F+Tmy+dQ9
q9haJa839m829YcNZZvl8eyqJ5Kbk6XMzN1vRRcBBwCEsL6jRi1Rdk85I3NC2LUvNru3RXyjFgmv
LL3gs4Uk9mwa6crzW1HxqzCW2gfzs/LZfo8vy5mkgm5hUV/qcEjbVzwc6lNzoMXboQ8aV/b6ujca
l/p1kJmYMkQjknL7NJdYS7Un6Z0xPw35/fdI9dygz5lkS2dkBdQiuSHt3iGn17lE0b5YkixZ+p9u
K5Z82WXTO2Nu6HN9j2xHqv496tqQ3xd/q/6kT2N0996Ogr47XZ23a0vH5KyJfs/d5bNtbKDaJ6XU
7/Hy9sogZ/Yf369no7ctDusAgcErOyvTrzWs2+1RY1N83xCKB8uyVL65Upa16ydAYWGeMtIJOAAA
Pp6t/zqqXxZtks7NntjreTu93Rh9l5Zw/aclukKp4ciwu2SXTUf51Itoszq1qqM64mu5La++91k1
k+tIU5rd1aOGSHsM3u29p+Qsv5uDP259J+S7yG7Lq79Wfex37H+HTA588gBwe/FpQZ9rt9xdXSxM
VuWOLOBY3V4V1nkey6slPquIfGUFKaS6uj3y73dJ+ra1POT33d0lZ0V13UAy7cn6+7CLQ57zXuOK
kM9H4rFuW/xGufK6Pk6yOZRi2xXa/Kd5TczG7S99XUkWC2OS/Vvs9jX8BXYnqanJSnb5BhxuNTbF
rh5af/F4vNq4yX/F8ZhRw+Vw7H63+7vfZwwAYeqw3JoXwXJ2X8OScpQXZrtQS9KHTat6Pa+v4vmL
+M7VFXcWn+F3/OHqTyO+1qz6b/22itxfep4kKcXuv+WiPUD72Egl2Ry6pluL2D+E6GDxt+pP/G4e
fpJ3pFwhlvwn2gkZ40NuSeivVqTxFKxdsaSgNXDuCaPt6/zWjQG3LJU4s2S3BV4BsS6KQE/y7xbU
XYEzQ0emj47qusHslVyksa7gW13+XvOfmIzT5G3XVp+tcVcHKMj5wJDzuj52W15t6qyPydi7Eye/
zgNRS09N9VvB0dHZqfqG6FbjJVJ7e4e2VtX4Hdtj3KjETCbB+IkIAEEsa69US5Q30adk7tXr5hRL
298l3tBe01VoL56SY3gjXtltW0CRY9f2kcN89oQvbC2LuHDqo7W7bq6yHSkat+Pdye4dSioifOc+
mCtyD/brHDG3eY2aAnTNqXG36DWfuhXJNqcuzz04JnOIp/8bOiXocwNheX1fVYbYFnJtt/Bqp4+b
VvVab+XXQban/LTgmKCvXBtF/QOP5fXrFtTdw3EqGPmb4uAtjWs8zV3tUPvinUb/ukLd61dI0oSU
Etl8flr+vuLNPo/bn5xKfMDZ/e9xqFATgL+0tBSl9NiiEr8tw/GybMUatbXv+rckNzd7tywwKhFw
AEBQb2yLbtuITdJJGeG35Xpl23dx6Z7S3RFpsXsXuNzt/y6rb32M24tP8Xvu5m4FOUP5qNtKlp/5
dH7pXjRzZZhbDcLx1yH+IcDUjc/0OOf3lW/4PX60l2X+A8V4V+hfcKIN8QaKKnfwX0SLnZlKs7t6
HG+33FoVYjtJqMDx2PSxQZ9bG8UKjrnNwbeOpdtdKnFmRXzNcIwPsYJD2t4pqK8e8qnzkudID/i1
sMumMT7di6L5M+xPZd1WmIxKDq/zUn9JtSeFXfsJgJSUlKTcnF2dkCzL0tYq84r1fjbPv87aQRPN
7AQTCwQcABCAR96Iui34KnRmqjQpvJsSj+X1azkYT+dn7x+za3UPF3y342TaU/wCj2/byuS2vArH
gz4FDl02h07xCYq6bwVZ0xG7gGNccoH2Si7uelzradGi1vKuxxs66/S9Tz2Gca5Cv5uygcxps/u1
2O1uaXvfut0kWrUn9OqnHwQJJH5T8XrQ1zwepBDp3iklkoJvCfCE+X3ua0HrpqDPTdgxXrycE6K1
8at97LKzpXObX3B7Q/5RQc+9r/Qcv8dvN8avo1Rfvdyw2O/xVTmHJmgm263q9rO4NE6BGDCYDR3i
/0ZATa1ZW+VaWlq1dr3/vyV77zUmyNmDX/Aecgb48ssvVVNT0/uJu4H8/HwdfvjhiZ4GMGgsb9sa
UXtIX6dn7uW35DqUSndTyBoCsVLozNBQZ3bvJ4ape/HQbId/0cW/D71IF274h6TtN32vb/tOk3sJ
WFq8Har17CrsdVG2/3J2h80up80h945ijKHegY/GX4ZM1hnrpndtXbhx82x9MvbG7R936+oSatvH
QJTnSFd9kO+zNe3VOjh1eEzGmbL+yYjOT7El6Z0xN/RpzBp36GJwvyk6OeANc7W7SS3ejoCrCrpv
rdjpRztqSAQpwRGVUNuErsjp2R45lqZk7++37crXB40rdUvhiVFf+x+1X/o9DlYPRdq+Asxps3cF
oU/UfqHTMidEPXa8eGVpdsO3fscmpBQHObt/3F/1od/jm/rwNQN2V8OG+IfJDQ2x2QLbX9ZtKPfr
npKbm6XiooIQrxjcjA44ampqVFFh9jtPAAamF+oXRPU6u2w6L3v/sOINm6QPm1f2WgsgFo5NHxe0
MGI01vSyPaTImaFMe7Iad9SyeLD6014Djqs3Pe/3+Jr8nvUTkn0CjrIYLKH3lWZ36eKcA/2+9h83
rda45ALV+wQvF+ccFPCmeCA7JG1E0KX/Vb2sgBjotgapxZLrs6porKtAawJ8/s/Vf6Mfd6vTMa9l
Q9CxDtnRVrh7PZi+2NwZvIbI/qlDYjZOIBk+tWe6a7P6tnXpfZ/2sL51eYI5J2s/vdywSFLoLUKJ
dNWmZ/0en521b4Jmst0HTSv9ArI0u0v7xnnVDzAYdV/BUV0T298v4m3NOv/VG6XFhUpJDv7zfbBj
iwoAdNNhefRNiGXjoeQ705UXYjuAL48szaxf2PuJMRDrd0PDKUB4T+nZXR97ZYWsNdDobVeFT7HI
M7P2CbiPPDmGN5aB3JB/tN9N3/9UfaBry17wG/+6vCPjOod4CFXHodHT1o8zib1gAWGuz9/DGwqO
DnjOjPpvehy7d+u7Ac/9ic/XPVib2Gg0eoP/+ce7lkKyPT5/n5a1V/ptT5kaRjHe7gVI/6fbyoRE
8lhe/az8JW3o8L/pudGnRlB/e7F+YY8uSLcWnZyg2QBmy83JVnrarlC8salZ27YNzKC1u46OTpVv
8V8JWFJcKJcrKcgrBj+jV3AAQDysaq9Sc4iuBqEMcWbrncblYZ3rsjl1dHr4eyTfa1oR1R7/THuy
xrjyIn5dKB1htJydmDLEb9n5X6s/1jFBPt8/VLzV9bFN0s/yjwl4XizfOQ/mDyWn66bNr0hSj24q
txadJIeN9wZMUOTM7Pr4kNQRAc/xWF5VuptUvKNmzDZPW8AtYzbJbwXSmOSCoFtLvLIiCiZssvXL
Kq7+1P3Ge7+U3leilDqzZJetKxj5uGmVphWeEJf5have06rXtn2vJwPUZJk+9OJ+bxHd6u3Uhs46
/ax8ljp3rGTbaUJyccgCuABCG1JaqFVrdq3gW7ehTPvvF3xr3UARqD3suNGB/83bXRBwAEA3sxu+
jfqGY1FbuRa1lfd+oqSf5h+tW4u2t2q09VK1o6KzMezgpLvTMifIGeNfxNu7/XIdzM/yf6C/Vn8s
aXvNg1arU6m2nu8qzG/d2PXxvilDgm4Bidc7zr4OTh2hbEeaGjz+tR1GJuXqhIw94j5+PNR6gnca
ifX3xkDhW/hWkv4r/xg9XDO3x3m3bHlF/xp+hSTp5W2LezwvSUOSspVm3/V9OzopeIHZKneTin3C
ld6k2V1qDtCWuD90eHsPKiPVbrm1pbOh6/HFOQeF/dobC47t+nnR5G1XlbtJhT4Fi2Phog3/DKtG
Uqu3Ux4FDpQfKJ2svWJUe+N/qz7Sg9Wf9npeh+VWR5CfuxOSS/T3YRfFZD7A7mr40FK/gGP1uo1G
BBzVNXV+RVHtdrtGjojv9saBjrehAMBHh+XWZ83r+mWs4zPGS5K8ltVroPLPunlRhS422XRudvBO
CdHyXcFREOIGZHL2RL/H15XN7HHO03Xz/R5376jga0RSbFeiBPPciKk9boLuDTGvgW5dR/CWd5Hc
jJukqNvndXbWvgFvbDd01HWtMvpnt8KYOz3YrY3wCFdO0HErg9QECWZIiI5Li9s2R3StSDWGCFaS
ogy+5rVs8PtJdUkEAcep3QqRPlzzn6jmEEqzt0NN3vZe/wsUbqTZXXpq+OWalBaborzS9kAonPkE
Czd+mn+0Hh12EY1hgT4aUurfOnvDxi1BzhxYFi9Z6fd4xPBSZWakJ2g2AwMrOADAx4r2KrX2sbhe
OIYmZXcFAzYp5DuKHnn1eUt0oUu2Izmm3VMkyZL8lkeP7mX7yxW5h+jZHSHGho7aHp0rfJd/j3Ll
hSzgOdqVp7k+ixGavB3KiEPBz0x7srIcKX6ddIYmxfbPsT+tDlEUNlR9jkjNHnWNChz994tVqPoV
hUn+wVuqPUkjXbla3y3ssWRpQ2dt0IKbOY7UHiHeeFdhwHMl+RWkDceE5OIerT53erXhO00MY3tH
tN7zKQTaXbSddW6veKPr42xHSo+VNKGk2V3Kd6SrZseKo4+aVuqO4tOimkcs5TvS9dP8o3VS5p69
n9wP0u0unZa5t24s+EGipwIMGoUF+bLZbF3dSLZUbJVlWbLFsm1WjHm9lhZ977+69+jDww+VByuj
A478/OBLRHc3/FkAsfH6tu/7ZZwp2fvLvmPvvd0Wesd+WWd91IUgj02DCPqgAAAgAElEQVQfH/Oa
Ee3dAqBxIW72JOlKn4BDkh6t+Uy/KjxeknoUc725lxaH45L9x9rqblSGi59/vakLcdO9T4LbXPbF
6hCtgnPsPYv9/mXIZE0O0Mr2li2v6aQg24+uyevZzSffGTzE2RphB5ADUofptSA/d7722boVD4GK
rO50ae6kiK/XvXZRg6dNx655MOLr+PqqZYMO3dG9JhbuKjlTKQG2yXWX7UhVriNVOY7UqFezhOPy
3IN1YMqwXs9Lt7uU7UhVtiMlZPcbANFJTUlWenqampq2B6xey6v6hm3KzRm4b25srarx6/iSlJSk
vfakFo/RAcfhhx+e6CkAGGTmNq+J+xgOm13HpW/fntJb7Q1Jen3bEr+OBOGyyaYLsw+IYoahtXXb
t99bAVOXzan9U4dqUev22iSvbvuuK+D4Y+U7Xeel2V3aL6U05LX2cPn3dd9+407AEUq1u1ntIYrC
Dk0Kvt1ioFsZYmVKXoCVJHmOdGXYk3sUj612N2nOtiUBr3NOhK1AKyLconJk2uigz9V7WlXvaVVO
mJ2ZItHgaQ1ZtHhMt79r4Xi67qu+TCmgJ2q/jGnAcWDqsAEVEIxMytUhabt3QUBgIEhOdik9LbUr
4LC8luobGgd0wLFilf/q3uKifKWlxK7Ll6mowQEAPlrCaH/aV8XOTOU503ZsTQnNbXn1bmPwZeSh
5DvTNMKVG9VrQ+l+s7xXSkmvr+lew+DT5jWq97T6rSz4U0nvNS5Ku20TqQ/Q8QL+XmhYEPS5eL4z
3R9WdwQPOPKdgbdGXJV7WMDj3UMPSTo9ivbKWzq39X6Sj1R7UsiuK3/a+n7EcwjHY7WfB30uw56s
zChCgNkNi/oypYBWBOlWAwCxlJLsUlrqrnDAa1l+xTsHGo/HozXr/FfBjhw+RA4Ht/dGr+AAgFjr
j3aNZ2fu43dDYyl40LGuoybiPf07HROnloHd2xOGe5O8V3JxV2vNx2s/116uoq7n0u0uTUyNvNZA
dYTbAXZHs+oXBn3upgS34eyrNSG2qBQFKX57Qc7+eqim964VkvTTgsDtikMJtR0omJ8X/EB/q/4k
4HNftKxTtbtZBSG2xUQj2IoVSTojc++Ir1fnafH72fCjvMN1blZ0BY6/bS3X/6t8s+vx7IZFmuLT
phcAYi052aW0NJ+Aw+vV87PmaObst0K8KnEsWXK7d73hZLfZNHL4kAFdM6S/EHAAgA/bjroY8WKX
TWdk7bp5sLT9H6lgG1XebFwa1Tg2RXeTEo5qt3/L0WRbeP+U3F58qi7f+LQkaWNHnTZ27No3OjX3
0Ki6AFQScIR0Y/nskM/v7ORjqlAFgYP9nbLJpuMyxuvjplUhr13gTFeWPfKlvjUhWvIGc1bWPnqw
+tOgP3uuL5+pl0b+KOLrBuKVpfPWPxHynP+KIti5Zctrfo8vzZkkV5QrhI7LGCf5LNx4uu4rAg4A
cWW321VSVKAly1Z3HXO7PXIrcAejgcZut6ukOPKthYMRa1gAwEe0v5CHa4QrVzk7ugr0Fm5I27dy
RCPDnqw9kot6PzEKmzrr/B6HG3AMS8oJeK5dNl0aQStJX5G25Nyd/KNunha1lQd9fkJysVLC/NoN
VO3e4LVFQvlVwfG9nnN/6Xkhnw/2fV/jjjzgcNmcIetMVLmbdH3ZizGJXu+sfNuvO1B3J3dr1RoO
ryyt6di1mibZ5uzzz9KDfLq41HtaQ84ZAGKhsKB/WtHHQ1paqoYPC13HbHdBwAEAPk6JcxvAMzL3
DnulwobO2h6rJcJ1UuaeUa2ICMeajhq/x5HUcXh02MU9jp0VYRFHX1UEHAE9UjNX/6qdF/Kch4de
2E+ziZ9QxVNDyXakBN3CstPoXrrzFAZ5ffctXOG6rzR0DZpl7RW6vmxmVNfeadqWV/VRLytXbis6
OeLrLmot9ytYek/p2RFfo7tbi07ye/xCiK1WABALQ0rN7CqWmZGuU044Sg47t/YSW1QAwM+1eUfq
/aaVao1DsVGbdiy99jsWPIaYWb8wqu0yNkkXZh8Y8evCtdqnc4VNtojeqR3jyleqPcnvz/fnES6H
T7ElqW3H1oSqKAOgwWpzZ4Nu3vKKyjsbQp53Ve5hMW8fnAgdUQYcknR78Wn6eflLAZ+7Lv+oXl+f
40hTWWdsC9DdU3K2bqt4Pejzy9srdf76J/TXoVM0Iin8AsJb3Y26ZtMMbfOGbjd9X+m5IQueBnPX
1ne7PrbLpv1TIq+n012xM1PJNmdXiPV8/de6Lv/IPl8XAIIpLvRfweFwOHTDNZcoKWlg3zKnpqao
yODVJ7E2sL9aANDPch2p+lvp+bpx82y19eHmKZBiZ5aKnVlhneu2vPpP89qoxslypKjEmRnVa8Ox
yifgSLZH/s/I26Nv6NP4RUkZXfU7aqOodzCYeGRpm6dVi9o2697K97qCn1CyHam6Oi9wJxGTWJI6
gqyWCOcmfWLKEE1KDdye87KcSb2+Pi8OrVuPSh+to9LH6LMQf/drPC2auvEZjXEV6N7Ss1QS5GeK
pe3Bxu8r3uwq7hvKEWmjdVgU7Vjdltev2O+wpJyYdec5JmOc3m9c3vV4aVuF9g6jaxMARCM1NUWF
BXmqqq6VtL1TSW52lgoLCQ9MQsABAN3slVKsZ0ZM1e8r39Sytti1KDwve9+At12Bjm1xN6jBE/rd
1mBOythTzji+O+97Ex1u/Y1YyranSqrr9bzB4F+1X+n5um8CPtdpeSLeopHlSNG/R10bi6kFNHXj
M1GtAPD1xujrwjqvLcQqq7HJ4RVae2BI6DoboQTbotJXd5ecpSs3PqsNnbUhz1vbUa2LNzwlh82u
PEea0uwu5TnSVeNpUou3Q3WeVr9tI6FMSC7Wn6LcVvJSw7d+j/9YcmZU1wnkt0Un+wUcT9V91etW
HgDoi+FDS7oCDklasXo9AYdhCDgAIIBiZ6b+PvQibeqo04LWMm3srJO3DyX+vJYlryW93LAorPMX
tJZF3c3l3OyJUb0uGokIOHqrnTCYtFvuqOtMdDc0KUfPj/hhTK4VTIu3I67X9xXqz2VYUk7cxy8K
sUqqxdupNHtSVNe1SXp6xBW6sXx2yCKxO3ksr6p2rKDYoNChSCATkosD1sYJ1zN18/0ej3LF7kbA
LpuyHaldBUbntayP2bUBIJBRI4ZqwaJdHew2lm2WFF0hdCQGAQcABGGXTSNdeRoZg1/YKzq36eKN
T8WxAe12hc4MjXDG/+Zup+Q4d50JJNSNJQI7LmO8/lB8eqKnEVOhtpANjaA+RbRyd3RDCmRdR7X2
SelbNfsHh07R7yvf1CdNq3s/OUpHpY3uU0HQTsujJm971+MTMvaIxbT8TM05RA/VfNr1eGHrJh3o
02EFAGJpRLdOJMtXRbddGIljdMDx5ptvasuWLYmexoBQWlqqM844I9HTABDE203L4h5uSNKx6WNl
t8Wrf0pPBQlYTZET4sYS/tLsLj0z/IqEfJ3iLdQWlXG9dECJhQJnetDn1nbU9jngkKQ7i8/Q0uwK
3VD+Yp+v1d1DQy/Qfn0sBnp7xVt+j6/IPbhP1wtkcvZEv4Dj3q3v68WRV8d8HACQpOzsTDmdTrnd
20P0+vpGNTe3KD2d3z1MYXTAYVn9cbtgBv4sgIHLK0uz6sPbmtJXp2fu3S/j7NQfWwG6K03yX8HR
l+0Ag9VhaSP10/xjYrpdYKApD9HBpLcWr7FQ4AgeGq3v1kq5L/ZOKdEnY2/UM3Xz9Y/aL/u0Vc5h
s+vynIP1o7zDQnZwCoclS9+0bvA7NtYVXu2TSDhtdhU4M7oKmVa6G9Xq7VQqf+cBxIHLlaSc7ExV
1+yq9bW1ulajCTiMYXTAAQAmKOusV1Mv7RljId2erDHJ8b2x29K5ze/xOFdhXMcLpPuNZSy2A5jI
JpscNrvSbElKd7h0cOoIXZN3eMitE4PJphABRySti6MVagXHuhgGHDtNzT1EU3MP0afNa/R/1Z+q
yt0UVp0em2wqcmZoWuGJOiQtcNeYaGzqrPfrYjM5e/+YXbu7e0rO0k/KXuh6/E7jMp3Xj7WGAOw+
nE6nMjPS/QKO6pp6jR45LIGzQiRslsFv/b/xxhuqqKhI9DQGhJKSEp15ZuwqlwOInYdr/qOZ9Qvi
Ps4F2fvrxoJj4z4OgMTzylKNu1nl7gbNb9moDR01qvW0Ks+RquFJeTo0bYSGJeUoz5EmRxy7KgHA
YNLZ6da/nv+3Fi9Z2XXstJOO1hmn8PuVKVjBAQBx9mkciwTuZJNNk3lHE9ht2GVToTNDhc4MHZAy
NNHTAYBBISnJqdzcbL9jtXXb5PV6ZbcTFpuAgAMA4qiss0GV7sa4j5PtSNEQZ3bvJwIAACCovBz/
36c2b6nUwsXLlOQcmLfODodDhQV5KiocvHW3IjEwv0oAMEj8u2Fxn4oChuvY9HEsQwcAAOij4iL/
gsllmyv1r+dfSdBseme325WXm60fX3WhSov7vzbaQGN0wLHHHnuotHT3KywXSGZmZu8nAehXHsur
j5pXxX0cu2yaEscCfwAAALuL/DyzVsR6vV7V1tVr46YtBBwyPOAYP358oqcAAEFt9TSp1t0c93FK
k7IHdTtQAACA/lKQn6uS4gJVVFYneiphs9nsxgUz8WJ0wAEAA9lrDd/FfXuKTdK0whPiOgYAAMDu
wuFw6PofXaxZr7yjyq3+bb/b2tvV1tYut9ujpCSnMtLT5HDEpzW5ZVlqbm5RW3uH7DabUtNSlJqS
0uM8p9Opk44/QuPGjIzLPExjdJtYABiovLJ03vonVO9pjdsYNtn00/yjdXHOgXEbAwAAANKmsi2a
887H2lRWoabmFmVnZWjvvcbpnDNOUHpaakzH6ujo0IefztM33y7R1qpaOR0ODR9WoiMOPVAHH7Sv
HHR0CYoVHAAQBxs76tQQx3Ajz5Gm3xafokNSR8RtDAAAAGyvc/H3J19QU3NL17GGbU364qtvtWZd
mW75xY/kciXFbLx3PvhM7330edfjTrdba9eXaVN5pXKyM7Xn+NExG2uwIeAAgDjY7G7QGVl7x/Sa
Ntk0xJmtQ9NGarQrT0m2+CyJBAAAwC7vffS5X7jhq7qmVt8tXaVJB8Tm977m5lYtWb464HOdnZ16
+/3/EHCEQMABAHFwZNpoHZnGPz4AAACmW/z9yqDPeb1eba2qCfp8pNra27W1qjbo82vXb4rZWIMR
m3cAAAAAAAgiNSU56HM2m+RKit26AbvdLqcz+CrdlBRXzMYajAg4AAAAAAAIYv/99gr6nN3u0MgR
Q2M2VnKyS8WF+UGfP3DihJiNNRgRcAAAAAAAEMQxR07SPnuNk81m8zvucDh06KT9NHpk7AKOtNQU
HXfMoUpK6lm0tLAgTz848pCYjTUY0SYWAAAAAIAQmppbNH/Bd/ro069U37BNQ0qK9IOjDtahkyaG
3FISDa/Xq03lFXrvw8/13dKVSkl2ae+9xunk449UaUlhj6AFuxBwAAAAAAAA47FFBQAAAAAAGI+A
AwAAAAAAGI+AAwAAAAAAGI+AAwAAAAAAGI+AAwAAAAAAGI+AAwAAAAAAGI+AAwAAAAAAGI+AAwAA
AAAAGI+AAwAAAAAAGI+AAwAAAAAAGI+AAwAAAAAAGI+AAwAAAAAAGI+AAwAAAAAAGI+AAwAAAAAA
GI+AAwAAAAAAGI+AAwAAAAAAGI+AAwAAAAAAGI+AAwAAAAAAGI+AAwAAAAAAGI+AAwAAAAAAGI+A
AwAAAAAAGI+AAwAAAAAAGI+AAwAAAAAAGI+AAwAAAAAAGI+AAwAAAAAAGI+AAwAAAAAAGI+AAwAA
AAAAGI+AAwAAAAAAGI+AAwAAAAAAGI+AAwAAAAAAGI+AAwAAAAAAGI+AAwAAAAAAGI+AAwAAAAAA
GI+AAwAAAAAAGI+AAwAAAAAAGI+AAwAAAAAAGI+AAwAAAAAAGI+AAwAAAAAAGI+AAwAAAAAAGM92
+29vsxI9CQAAAAAAgL5gBQcAAAAAADCezbIsVnAAAAAAAACjsYIDAAAAAAAYj4ADAAAAAAAYj4AD
AAAAAAAYj4ADAAAAAAAYj4ADAAAAAAAYj4ADAAAAAAAYj4ADAAAAAAAYj4ADAAAAAAAYj4ADAAAA
AAAYj4ADAAAAAAAYj4ADAAAAAAAYj4ADAAAAAAAYj4ADAAAAAAAYj4ADAAAAAAAYj4ADAAAAAAAY
j4ADAAAAAAAYj4ADAAAAAAAYj4ADAAAAAAAYj4ADAAAAAAAYj4ADAAAAAAAYj4ADAAAAAAAYj4AD
AAAAAAAYj4ADAAAAAAAYj4ADAAAAAAAYj4ADAAAAAAAYj4ADAAAAAAAYj4ADAAAAAAAYj4ADAAAA
AAAYj4ADAAAAAAAYj4ADAAAAAAAYj4ADAAAAAAAYj4ADAAAAAAAYj4ADAAAAAAAYj4ADAAAAAAAY
j4ADAAAAAAAYj4ADAAAAAAAYj4ADAAAAAAAYj4ADAAAAAAAYj4ADAAAAAAAYj4ADAAAAAAAYj4AD
AAAAAAAYj4ADAAAAAAAYj4ADAAAAAAAYj4ADAAAAAAAYj4ADAAAAAAAYj4ADAAAAAAAYj4ADAAAA
AAAYj4ADAAAAAAAYj4ADAAAAAAAYj4ADAAAAAAAYj4ADAAAAAAAYj4ADAAAAAAAYj4ADAAAAAAAY
j4ADAAAAAAAYj4ADAAAAAAAYj4ADAAAAAAAYj4ADAAAAAAAYj4ADAAAAAAAYj4ADAAAAAAAYj4AD
AAAAAAAYj4ADAAAAAAAYj4ADAAAAAAAYj4ADAAAAAAAYj4ADAAAAAAAYj4ADAAAAAAAYj4ADAAAA
AAAYj4ADAAAAAAAYj4ADAAAAAAAYj4ADAAAAAAAYj4ADAAAAAAAYj4ADAAAAAAAYj4ADAAAAAAAY
j4ADAAAAAAAYj4ADAAAAAAAYj4ADAAAAAAAYj4ADAAAAAAAYj4ADAAAAAAAYj4ADAAAAAAAYj4AD
AAAAAAAYj4ADAAAAAAAYj4ADAAAAAAAYj4ADAAAAAAAYj4ADAAAAAAAYj4ADAAAAAAAYj4ADAAAA
AAAYj4ADAAAAAAAYj4ADAAAAAAAYj4ADAAAAAAAYj4ADAAAAAAAYj4ADAAAAAAAYj4ADAAAAAAAY
j4ADAAAAAAAYj4ADAAAAAAAYj4ADAAAAAAAYj4ADAAAAAAAYj4ADAAAAAAAYj4ADAAAAAAAYj4AD
AAAAAAAYj4ADAAAAAAAYj4ADAAAAAAAYj4ADAAAAAAAYj4ADAAAAAAAYj4ADAAAAAAAYj4ADAAAA
AAAYj4ADAAAAAAAYj4ADAAAAAAAYj4ADAAAAAAAYj4ADAAAAAAAYj4ADAAAAAAAYj4ADAAAAAAAY
j4ADAAAAAAAYj4ADAAAAAAAYj4ADAAAAAAAYj4ADAAAAAAAYj4ADAAAAAAAYj4ADAAAAAAAYj4AD
AAAAAAAYj4ADAAAAAAAYj4ADAAAAAAAYj4ADAAAAAAAYj4ADAAAAAAAYj4ADAAAAAAAYj4ADAAAA
AAAYj4ADAAAAAAAYj4ADAAAAAAAYj4ADAAAAAAAYj4ADAAAAAAAYj4ADAAAAAAAYj4ADAAAAAAAY
j4ADAAAAAAAYj4ADAAAAAAAYj4ADAAAAAAAYj4ADAAAAAAAYj4ADAAAAAAAYj4ADAAAAAAAYj4AD
AAAAAAAYj4ADAAAAAAAYj4ADAAAAAAAYj4ADAAAAAAAYj4ADAAAAAAAYj4ADAAAAAAAYj4ADAAAA
AAAYj4ADAAAAAAAYj4ADAAAAAAAYz5noCQAAzNLQ0KCqqqqwzh0+fLiSk5NjNnZzc7O2bNkS1rnD
hg1TSkpKzMYeDDZv3qyWlpZez0tNTdXQoUP7YUYAAACxQ8ABAIjI+++/rwsuuCCsc++77z5NmzYt
ZmMvXLhQxxxzTFjnLl68WPvtt1/Mxh4Mbr75Zs2YMaPX8y688EK9+OKL/TAjAACA2GGLCgAgbu64
4w6tXr060dMAAADAboCAAwAQNy0tLbrttttkWVaipwIAAIBBji0qAIC4mjVrlq644gqdc845iZ4K
4sDtduvVV18N69wzzzyTuigAACBuCDgAAHE3bdo0HXvsscrOzk70VBBjbW1tYddkqaqqIuAAAABx
wxYVAEDcrVy5Un/9618TPQ0AAAAMYgQcAIB+cffdd2vJkiWJngYAAAAGKQIOAEC/6Ozs1K233iqv
15voqQAAAGAQIuAAAPSbOXPmaNasWYmeBgAAAAYhAg4AQL+65ZZbVFNTk+hpAAAAYJAh4AAA9KuN
GzfqvvvuS/Q0AAAAMMgQcAAA+t19992nBQsWJHoaAAAAGESciZ4AAGD3NG3aNL3zzjtyOgf+P0Vu
t1urVq3SkiVLtHHjRm3ZskVNTU3q6OhQWlqasrKyNGzYMI0aNUoTJ07U0KFDEz3luOjs7JTb7fY7
1tbWFvbr29ra1Nra2uN4UlJSn74PLMvShg0btHjxYq1fv15lZWVqbGxUR0eHUlNTlZOTo+HDh2vs
2LGaOHGiioqKoh5r53jhfN7BPi/LsrRq1SotXLhQa9eu1ZYtW9Tc3Kzk5GTl5eVp7NixOuCAAzRx
4kQ5HI6w59Xc3Kyvv/5ay5cv1/r169XQ0CC32638/Hzl5+drn3320aRJk/r8+Yfi9Xq1du3arq9F
fX29Ghoa1NzcrKysLGVnZys7O1tjxozR3nvvrdGjR0f0OQIAEMrA/60SADAoffjhh3r22Wd11VVX
JXoqQX377bd66aWX9Mwzz2jjxo1hv+7www/X5ZdfrilTpqi0tDSOM+xfd9xxh+65556oXz98+PCA
x//85z/rlltuifh6FRUVevHFF/X000/rm2++Cft1p59+ui677DJNnjxZ6enpEY9bX1+vvLy8Xs+b
Pn26fvKTn3Q9bm5u1gsvvKDp06dr/vz5vb5+woQJuvnmm3X55ZcrOTk56HlLly7Vk08+qccff1yN
jY29Xveiiy7SL3/5Sx1++OG9nhuu5cuX69lnn9VTTz2l8vLysF9XXFysqVOn6pJLLtFBBx0km80W
szkBAHY/bFEBACTMrbfeqsrKykRPo4eVK1fq0ksv1YEHHqi77747onBDkr788kv9/Oc/15577qk7
7rhDDQ0NcZrp7qmxsVF33XWX9thjD/3iF7+IKNyQpLfeektTp07Vfvvtp5kzZ8qyrLjMs7q6uuvj
Dz74QJMmTdK1114bVrghScuWLdM111yj008/XevXr+/xfGtrq37/+9/rgAMO0AMPPBBWuCFJL774
oo444ghdf/31Yb8mmPLycl1xxRWaMGGC7r777ojCDUmqrKzU/fffr4MPPlgnnngiW9cAAH1CwAEA
SJjKykrdddddiZ5GF8uy9Nhjj+nAAw/UCy+80OfrNTY26g9/+IMOO+wwffnllzGYIRYsWKCjjjpK
t99+e59vztetW6dLLrlEV155ZVxCqOrqalmWpfvvv18nnXSSVqxYEdV1PvroI5122ml+IcfWrVt1
7rnn6o9//KM6Ozujuu706dN16qmnavPmzVG9/vXXX9dhhx2m5557LqrXd/fRRx9p0qRJuuuuuyLa
+gQAwE4EHACAhHrooYf02WefJXoacrvduummm3TdddeppaUlptdesWKFjj/+eL388ssxve7uZs6c
OTruuOP03XffxfS6zzzzjM477zzV1dXF9LqVlZW6++67NW3atD5fa8WKFbrmmmvU3t6uuro6XXDB
BXrvvff6fN0vvvhCl19+ecSBwowZM3TOOedEvGIjHLfffrt++MMfqqmpKebXBgAMbgQcAIC4OfHE
E8M6b9q0aWpvb4/zbIKzLEu//vWv9Ze//CVuY7S1temSSy7RnDlz4jbGYPb222/r/PPP7/OqjWA+
/vhjXX755TH9Pnz55Zd1++23x+x6H374of71r3/pv//7vzV37tyYXffjjz/W9OnTwz5/zpw5uuyy
y2I2fiCzZs3SDTfc0KOoLQAAoRBwAADi5q677lJhYWGv533xxRd68skn+2FGgU2fPl0PPPBA3Mfp
7OzUFVdcoSVLlsR9rMHk+++/1yWXXBL1VoxwvfXWW30qotpdPLZZXHfddXr66adjft177703rG06
lZWVuv7662M+fiDPPvusnnjiiX4ZCwAwOBBwAADiZujQoWHfMP7ud7/Tpk2b4jyjnhYtWqQbb7yx
38ZraGjQ1VdfHbBdKnpqaWnRVVdd1W+FWu+88059/fXX/TLWQFJZWan333+/1/MiKSQ6atQo/epX
v9Ijjzyif/zjH/rLX/6iH/3oR8rMzAx7XrfddpsqKirCPh8AsHujTSwAIK6uvPJKPfPMM/r0009D
nldXV6c77rijX1dyuN1u/fKXv4xoZcDYsWM1ZcoUDRs2TJmZmdq6dauWLl2qmTNnhv2O/fz58/Xw
ww/r5ptvjnbqCXHxxRfr6KOP9jvW2tqqKVOmhPX6GTNmKDs7u8fxUaNGBX3Ngw8+GFGXlFGjRumC
Cy7QmDFjlJaWprq6Oi1cuFCvv/562DU2fve73+mtt96KecvS/Px8XXjhhRo1apTy8vJUV1fX1Yq4
L6tTUlJSdP755+uggw5SVlaWWlpatHz5cs2ePVtVVVVhX+fdd98N+bWsrq7W448/Hta17rvvPv38
5z9XSkpKj+f+/Oc/6ze/+U1YqzPq6uo0c+ZM/eIXvwhrXADAbs4CACACL730kiUprP82btxoWZZl
ffXVV2G/5r333gs69ty5c8O+zuLFi3v9XGbPnh329fLz861Zs2ZZ7e3tAa9VVVVlTZs2LezrZWdn
WxUVFdF9EaJ06aWXhjW3Cy+8MOxrNjY2hv05V1VVRTTfsrIyKy0tLaxrJyUlWQ899JDV1tYW8FpV
VVXWzTffHPZc586dG3RetbW1YV/Hd24NDQ0Br1deXm5NnTo1omvu/O/HP/6xVV5eHvRrc+edd4Z9
rWHDhllerzfo5z1jxoywrnPXXXeF+Kpu19nZaU2ePDms6x1xxP/u7YUAACAASURBVBG9Xg8AAMuy
LLaoAADi7pBDDtFNN90U1rnTpk2LeReTQLxer+67776wzs3N/f/s3XuQZGV9//HPuZ/T0z09sxeX
q/egoASIpDAJglapRC0vKFFTpdEYK15QCRWJgCXlhZ8WoJZKbpbGS5GEIsRUBWIgUeMFKTUag5CE
IBoJhcKyu7Nz6ek+9/79cXqGgcDu6dM9O3O636+qqalyn3nOg7tTPf2Z7/P9zuub3/ymzjvvPLmu
+6hrdu3apSuvvFJXX311qT2Xlpb0hS98oexxp9JnP/vZ0v8WrrvuOp1//vnyPO9R/3zt76ds08+/
/uu/Ln3OQ/F9X1/72td0/vnna3Z29lHXHHPMMfrMZz6jc845Z6i9L774Yn3605/WMccc86h/3mw2
9b73vU8XXnhhqf3uu+8+7d279zH/vGzvmLe85S2HXWPbti699NJS+33nO98Z+4QbAMBkIuAAABwR
F198sY477rjDrrvtttv0Z3/2Z5t+nn/913/V9773vVJrP/WpT+kZz3hGqbVvf/vb9ZrXvKbU2j//
8z/f0ukx21m32y092ePd7363zj333MOuMwxDl1xyiZ71rGcddu1f/uVfjmVM6ac+9Sk95znPOew6
z/OG6gVz5pln6v3vf3+pazRlAoc1999//2P+2X333XfYr9+9e7d27dpV6lmnnXZaqSbEhzsXAABr
6MEBADgi1n6DXma85GWXXaZXvOIVespTnrJp5yk7rvWkk07Sq1/96tL7mqap97znPbruuusOu/ae
e+7Rd7/7XZ199tml958Wt9xyS6k3ta1Wq3R1kCQFQaB3vetdesMb3nDIdSsrK/q3f/u3kf9uzjvv
vNJrywQvay655JLHrFZ5pBNOOEHHHntsqeagBw4ceMw/y7LssF+/b98+7d+/v1TIYVmWrrrqqlKj
f+fm5g67BgAAAg4AwBHz6le/Wtdcc41uuummQ67rdrt673vfq2uvvXbsjR4lqd/v6+/+7u9KrX3b
2972mNdSHstpp52m3/zN39TNN9982LXf/OY3CTgexde//vVS6373d39XRx111FB7n3XWWaXW/fCH
Pzyifzd79uxRu90uNTHmsa6lPBrDMHTSSSeVCjgOdSWo7DOvvPJKXXHFFaW+dw8XNAEAMAyuqAAA
jhjLsnTFFVfIcZzDrr3uuuv05S9/eVPOcd999+nOO+8stbbsm+FHesUrXlFq3be//e1K+0+6r33t
a6XWvfjFLx567yc84QmlRpXefvvtQ+89qmHDmrLKVkAc6spU2Yqqq666Sm9605v04x//uNR6AADG
hYADAHBEnXzyybr44otLrX33u9+t5eXlsZ+h7BuvPXv26KSTTqr0jF//9V8vte6WW26hD8cjLC0t
6Qc/+EGptSeffPLQ+xuGoSc/+cmHXVc2BBunYauFyrLtckW7eZ4/5p+94AUvKP28L3zhC3ra056m
l73sZfrMZz6jO+64Q3Ecl/56AACq4IoKAOCI+8M//ENde+21+slPfnLIdXfddZc++clPlp58UVaZ
ZolSMf2l7BvDR3rSk55Ual0Yhtq7d68e//jHV3rOJCpzlWLNxz72sUrPeOCBBw675sc//rH6/f6m
XJOqoyc+8Yn67d/+bV177bWlv+bGG2/UjTfeKElqt9t64QtfqDPPPFO/8iu/otNOO00zMzObdVwA
wBQi4AAAHHHtdltXXXVVqckXH/rQh/SqV72qciXFoynz5lYqmjNW1Ww2deKJJ5aqAti3bx8BxwYP
Pvhg6bUf//jHN+0cBw8eVBzHpZt5ToMrrrhCX/3qV7Vv376hv3ZpaUnXX3+9rr/+eknF+OVXv/rV
eslLXqLnP//5CoJg3McFAEwZrqgAALbEy1/+8lITJpIk0cUXX3zI0vlhlZnaIEk7d+4c6TllR2Ae
qrHjNBrHeNZx4frQwx1//PG6/vrrR/7ekIoA6dOf/rRe9rKX6elPf7quvPJKxsECAEZCwAEA2BKG
YejDH/6wfN8/7Nobb7xRX/rSl8b27LJvWhuNxkjPabfbpdaFYTjScybNdgoVyoxGnTZnn322vva1
r+mUU04Z25733nuv3vOe9+gZz3iGPvrRj25K7x0AwOQj4AAAbJlf+qVf0gc+8IFSa//oj/5I+/fv
H8tz+/1+qXVlpr0cCsFFNWmabvURcBinnHKKbr31Vn3kIx8ZOQjc6ODBg7rooot01llnbckUGwBA
vRFwAAC21Pnnn19qEsY999yj97///WN5ZpmqEWn0qyNlfwtd9jzTwrKsrT4CSpiZmdHFF1+su+++
W5dffnnpK1ll/OhHP9Lzn/98Qg4AwFAIOAAAW2pmZkYf/ehHS6390Y9+NJZntlqtUuvK9up4LGWn
tYzzN+CTgMCnXo455hi9973v1f/8z//ohhtu0Bvf+MbS32OHsm/fPr3hDW+gRw0AoDSmqAAAttwL
X/hCvf71r9c111xzRJ63Z8+eUusON8b2UBYWFkqPO33c4x5X+TmTaG5urtS6PXv26IYbbtjUs4zj
jfq0aDabeulLX6qXvvSl+tM//VPdfvvt+v73v69bbrlF//RP/6SlpaWh97ztttt07bXX6vd+7/c2
4cQAgElDwAEA2BY+9KEP6YYbbqj0JmhYxx9/fKl13//+99Xv92UYxtDP+N///d9S63zfJ+B4hGOO
OabUur179+r444/X0UcfvcknwrCCINAZZ5yhM844Q+94xzsURZF++MMf6utf/7o+97nP6ac//Wnp
vf7iL/6CgAMAUApXVAAA28ITnvAEXX755UfkWSeccEKpdT/5yU909913V3rGd7/73VLrzjrrLHme
V+kZk+r444/X/Px8qbW33nrrJp8G4+B5nn7t135Nl156qf7zP/9T1157belg6jvf+Y4eeOCBTT4h
AGASEHAAALaNN7/5zTrjjDM2/TnHHXecTjzxxFJrv/GNb1R6xk033VRq3Zlnnllp/0nmOI7OOeec
Ums/97nPlZ6Kg+r27t172I+y1Vee5+m1r32tbrrpptL9Z+65554RTg8AmBYEHACAbcP3fV111VWb
/hzDMPSqV72q1No//uM/VpIkQ+1/xx136MYbbyy19uyzzx5q7zrL87z02he96EWl1t1000368pe/
XPVIkorRpH//938/0h6TrN/v6/jjj9dRRx11yI+LLrpoqH1POeUUveUtbym1tuxEIgDAdCPgAABs
K895znP09re/fdOf85KXvKTUujvuuEPXXXdd6X37/b4+9rGPlVr7pCc96YhUrGymYUa6DvMm9Zxz
zik9TeWd73ynfvazn5Xee6ODBw/qda97nV7xilfoH//xHyvtMekMw9App5xy2HXf/e53hwqxJOkp
T3lKqXVU6QAAyiDgAABsO+973/tKTzqp6owzztCzn/3sUmvf8Y536Pbbby+19rOf/ay++MUvllr7
1re+tfb9N3zfLx1EDDPmd8+ePXrrW99aau0999yjV77ylbrzzjtL7y8VEzrOOeec9WDjta99rb7z
ne8Mtce0KFNpdMcdd+hb3/rWUPuWHaW8Y8eOofYFAEwnAg4AwLZz1FFH6cMf/vCmPsMwjNIl9UtL
S3ruc5+rv/qrv1Kv13vUNfv379cll1yi3//93y+1Z7vd1hve8IbS592uDMPQcccdV2rtBz7wgaFC
jvPPP790eHLbbbfpN37jN/SJT3xCBw4ceMx1/X5ft99+uy688EKddtpp+v73v7/+ZysrKzr33HP1
X//1X6XPOC3KXhl65zvfWbpfxt69e0uPhn7qU59aah0AYLoxJhYAsC29/vWv1zXXXFO5yWcZL3vZ
y/S85z1PX//61w+7du0qw9FHH63zzjtPxx13nObm5rR//37993//t66//nqFYVj62ZdddtmmV6kc
KSeccIJ+8pOfHHbdHXfcoVNPPVVnnXWWTjjhBAVBoMXFRf3iF7/QV7/61f+z/qlPfaouu+wyXXrp
paXOcfDgQV144YW65JJL9MIXvlCnn366du7cKcdxtLy8rJ/97Gf6l3/5l0NWeuzdu1fnnnuuvvKV
r+jxj398qedOg7PPPltnnHGGvve97x1y3X/8x3/oOc95jj74wQ/qla98pdrt9v9Z0+/39YMf/EAX
XHCBfv7znx/22eeee27pqToAgOlGwAEA2JYcx9FVV12lX/3VX920Z9i2rU984hM6/fTTSzcSvf/+
+3X11VeP9NwzzjhDb3vb20baYzs588wzh+pf8a1vfethVxmOPfbYx1z7B3/wB7rpppt0yy23lN4/
DEPdcMMNuuGGG0p/zUY//vGPdd555+krX/nKo75Bn0a2bevyyy/XC17wgsOuve+++/SmN71JF1xw
gV70ohfpxBNP1OzsrOI41v33369bbrlF//7v/1762WWrogAAIOAAAGxbp59+ut797nfrox/96KY9
45d/+Zf1J3/yJ0fsTVS73dbnPvc5BUFwRJ53JGxmo9QgCPSFL3xBz3ve83Tvvfdu2nMe6VnPepZm
Z2eP2PPq4PnPf/5Q348rKyv6m7/5m5Geed5555UeGQwAAD04AADb2nve855Nvyrw5je/eegRl1U4
jqNrr71WJ5100qY/60g666yz9KxnPWvT9n/yk5+sL33pS0fsSs/rXvc6ffzjH5dhGEfkeXXywQ9+
UC996UuPyLNOPPFEXX311fw9AABKI+AAAGxru3bt0hVXXLGpzzAMQx/5yEc2NeRoNBq6/vrrSzdr
rBPbtvXe9753U59x+umn6+abb970ZpMXXXSRPvvZz05Uhc04BUGga665ZtP/HT/zmc/UDTfcoKOO
OmpTnwMAmCwEHACAbe+3fuu39OIXv3hTn2FZlq644gp9/vOfV6vVGuveJ598sr7xjW/o5S9/+Vj3
3U7OPfdcve9979vUZ5x66qn69re/rde85jVj3/u4447Tl770JV155ZW1H9272drttv72b/9W73jH
OzZl/9/5nd/RV7/6VSanAACGRsABANj21sIHx3E29TmGYeiNb3yjfvSjH+mNb3zjyPvNz8/r//2/
/6dbb711U5ulbheXXXaZPvnJT27q39OePXt07bXX6h/+4R/07Gc/e+T9fN/XRRddpB/+8Id65Stf
OYYTTodGo6Grr75aN99889h6sJx66qm6+eab9cUvfnFiJgwBAI4sAg4AQC0885nPLD0udFRPetKT
9PnPf1533nmnLr/8cj3taU8b6uuf+9zn6tOf/rTuuusuXXrppWOvCNmubNvWu971Lt1222264IIL
5Pt+qa87+eSTh3qOYRh6yUteoltvvVXf+MY3dOGFF+roo48eao9nP/vZuuqqq3T33Xfryiuv1O7d
u4f6ehTOOeccffvb39Y///M/6y1vecvQ/z8effTRuuCCC3TLLbfoBz/4AQ1FAQAjMfr9fn+rDwEA
wHbW7/d1zz336M4779S9996r+++/X6urq4rjWL7vq9Vq6bjjjtMTn/hEPfOZz+TN8sDi4qJuv/12
3XHHHdq/f7+Wlpbkuq527Nih+fl5PfnJT9app56qnTt3jvysNE3105/+VHfddZfuu+8+PfDAA+p2
u4rjWI1GQ81mU3v27NFTnvIUPfWpT930xrXTKooi3XXXXbr77rv1i1/8Qnv37lW321WWZWq1Wmq1
WpqdndUTn/hEPf3pT9cTnvAEmSa/bwMAjAcBBwAAAAAAqD0icwAAAAAAUHsEHAAAAAAAoPYIOAAA
AAAAQO0RcAAAAAAAgNoj4AAAAAAAALVHwAEAAAAAAGqPgAMAAAAAANQeAQcAAAAAAKg9Ag4AAAAA
AFB7BBwAAAAAAKD2CDgAAAAAAEDtEXAAAAAAAIDaI+AAAAAAAAC1R8ABAAAAAABqj4ADAAAAAADU
HgEHAAAAAACoPQIOAAAAAABQewQcAAAAAACg9gg4AAAAAABA7RFwAAAAAACA2iPgAAAAAAAAtUfA
AQAAAAAAao+AAwAAAAAA1B4BBwAAAAAAqD0CDgAAAAAAUHsEHAAAAAAAoPYIOAAAAAAAQO0RcAAA
AAAAgNoj4AAAAAAAALVHwAEAAAAAAGqPgAMAAAAAANQeAQcAAAAAAKg9Ag4AAAAAAFB7BBwAAAAA
AKD2CDgAAAAAAEDtEXAAAAAAAIDaI+AAAAAAAAC1R8ABAAAAAABqj4ADAAAAAADUHgEHAAAAAACo
PQIOAAAAAABQewQcAAAAAACg9gg4AAAAAABA7RFwAAAAAACA2iPgAAAAAAAAtUfAAQAAAAAAao+A
AwAAAAAA1B4BBwAAAAAAqD0CDgAAAAAAUHsEHAAAAAAAoPYIOAAAAAAAQO0RcAAAAAAAgNoj4AAA
AAAAALVHwAEAAAAAAGqPgAMAAAAAANQeAQcAAAAAAKg9Ag4AAAAAAFB7BBwAAAAAAKD2CDgAAAAA
AEDtEXAAAAAAAIDaI+AAAAAAAAC1R8ABAAAAAABqj4ADAAAAAADUHgEHAAAAAACoPQIOAAAAAABQ
ewQcAAAAAACg9gg4AAAAAABA7RFwAAAAAACA2iPgAAAAAAAAtUfAAQAAAAAAao+AAwAAAAAA1B4B
BwAAAAAAqD0CDgAAAAAAUHsEHAAAAAAAoPYIOAAAAAAAQO0RcAAAAAAAgNoj4AAAAAAAALVHwAEA
AAAAAGqPgAMAAAAAANQeAQcAAAAAAKg9Ag4AAAAAAFB7BBwAAAAAAKD2CDgAAAAAAEDtEXAAAAAA
AIDaI+AAAAAAAAC1R8ABAAAAAABqj4ADAAAAAADUHgEHAAAAAACoPQIOAAAAAABQewQcAAAAAACg
9gg4AAAAAABA7RFwAAAAAACA2iPgAAAAAAAAtUfAAQAAAAAAao+AAwAAAAAA1B4BBwAAAAAAqD0C
DgAAAAAAUHsEHAAAAAAAoPYIOAAAAAAAQO0RcAAAAAAAgNoj4AAAAAAAALVHwAEAAAAAAGqPgAMA
AAAAANQeAQcAAAAAAKg9Ag4AAAAAAFB7BBwAAAAAAKD2CDgAAAAAAEDtEXAAAAAAAIDaI+AAAAAA
AAC1R8ABAAAAAABqj4ADAAAAAADUHgEHAAAAAACoPQIOAAAAAABQewQcAAAAAACg9gg4AAAAAABA
7RFwAAAAAACA2iPgAAAAAAAAtUfAAQAAAAAAao+AAwAAAAAA1B4BBwAAAAAAqD0CDgAAAAAAUHsE
HAAAAAAAoPYIOAAAAAAAQO0RcAAAAAAAgNoj4AAAAAAAALVHwAEAAAAAAGqPgAMAAAAAANQeAQcA
AAAAAKg9Ag4AAAAAAFB7BBwAAAAAAKD2CDgAAAAAAEDtEXAAAAAAAIDaI+AAAAAAAAC1R8ABAAAA
AABqj4ADAAAAAADUHgEHAAAAAACoPQIOAAAAAABQewQcAAAAAACg9uytPgAAoF4e2LtfDzy4Tw/s
3a8H9y1o3/4FPbhv4WFrdu5oa8f8nHbuaOvYY/bo2KP36Nhj9mzRiQEAADANqOAAAAAAAAC1RwUH
AKCUn/9iryRp774D2vvgfj3w4H4tL3e02u0py7KHre32IlnWirI8k21bMs0iTw8CX4HvKQj8I35+
AAAATDYCDgBAKT+/vwg4Htx3QHsfPKAH9y0ojGJFcawszx+2theGyrJMvV4o0yjCjTzPtWO+uLpC
wAEAAIBxI+AAAJSyVsHx4P4F7du3oAf3Lzzm2l6vCDfW5P1caVpUeQS+L823N/ewAAAAmDoEHACA
Ug4sLEmSOp2uojgp/XVhHGt5uSOpuKIy22qq1wtlWZYsy5RlWZtyXgAAAEwXAg4AQCkLBxclFf01
4qR8wBFFsZbUURTFmm01tWN+Tt0wkuc4cl2HgAMAAABjQcABAChlrYIjy7L/03PjUKIoVhTFWpY0
P9/W43avrl9fsSxTkrMJpwUAAMC0YUwsAOCI6YWRFhYW9fNf7NXCwUX1wmirjwQAAIAJQQUHAOCI
6fVCLRxckmUX11IaNBwFAADAmBBwAACOmF5YBBxxkijwfe3cQbgBAACA8SDgAACUsnvXDklSt9dT
txuq2+sNvUeaZupFxbWUzuqqVjpddTpd2bYl27Zl2zQcBQAAQDUEHACAUnbvmpckHVy0lGVZxYAj
VRgWnzuDcGNldVWB58n3RcABAACAygg4AAClrFVwZFleKdyQigqONM0kqajeWF1Vp9OVJNk2L0kA
AACojp8mAQClPG4QcIRhpKXlFVmWpX6/v/4xrDCKtLi0ogf27teubF6ObavZbIz72AAAAJgSBBwA
gFJ27y4CjqXljoLAl2Wayvt95XleLeAIIy0uLg/6b1hqzRBuAAAAoDoCDgBAKWsVHPv2L6jh+7Is
S8oy9Q2j0n5rFRxplqk5M7Pe4wMAAACogoADAFCKZRUNQAPfV7vd1O5dO8Y2UWV5paODi8taOLgo
13Hluo5c1xnr+QEAADDZzK0+AACgHizLlGWZCgJf7dmWdu+a12yrKc+rFkQUE1Uirayuanl5RYtL
KzqwsKTO6qriOBnz6QEAADDpqOAAAJSyXsEReIOAY8fYJqosrXS0uLishdaMJA2qN+jJAQAAgPII
OAAAQ/FdV7OzTWVZpt64JqqEsRaXluW6jgzDUOB7as9mMgxj/QMAAAA4FAIOAMBQPM9Vu9WUbVta
Wl7RvjFNVDm4tKIs78v3iwqRLMtlmoZM0yTgAAAAwGERcAAAhuJ5rmzb1sxMMNaJKvliX91uqLnZ
lh63e6eyLJNkyTCGD0wAAAAwfWgyCgAYimEYMk1DlmVpptHQzp1zOvaYPdqxY06B71XaM8/7SrNU
cZyo0+1qcXFZD+5f0PJyR1EUj/m/AAAAAJOICg4AwFCKgMOUYfTVnAm0c8ecoijWg/sXlGWZOqvd
offM81xpWnxeXe3p4NKy9u1bUDrflmWZajSCTfgvAQAAwCQh4AAADGVj08+ZmYZ27piTYRiVww2p
CDbyPJckrXa7Wlxcke95sixLjYY/trMDAABgchFwAAAqcx1HrWYx2nV5paPFpRU1m43BCNh0fQzs
MKIo1vJKp6jcCHy12y1lGRNVAAAAcGgEHACAylzXUVMNua6jxaUVzc4uqTUzo14UKQxVLeCIEy2v
dJRmmebaLfXCkIkqAAAAOCwCDgBAZa7ryHUdSdLCwUXNtppqNhuSpDRNK+0ZRbHSNNVqt6fH7dqh
Xi9kogoAAAAOiykqAICx8D1Pc+2WjtqzS3Ptlnyv2kSVfr+vPO8ryzJ1uz0dXFzWA3v3a3FpWWHI
RBUAAAA8Oio4AABj4fue5uZmB/03Mq1UbDhaBBy5+n1D3V6og4tLeuDBfdq5Y74YTTvDRBUAAAD8
XwQcAICxWKvgsC1LndVV7dt/sNI+/X5f/X5xFWWtgsOx7SLcYFwsAAAAHgMBBwBgLGzbUjC4ltKc
mVGr2Rh5okoYx1pe7kiSGo1Ac+2W4jhZbzhqmty0BAAAQIGAAwAwFrZty/eLz81BuDHyRJUo1pI6
iqJYc+2WOqs7FMWxHNuWbYuAAwAAAOsIOAAAY2HblmzbkqSiemNmZiwTVaIo1rKkXbt2aHW1qzhO
JBFuAAAA4OH46RAAMHbjmqiyUbfX0/4DB3Xvffdr/4GD6vZ6YzgpAAAAJgUVHACAsRvXRJWNut1Q
+w8syjRNpekeea6rufbsGE4LAACASUDAAQAYu3FNVNlorYIjjCK5rqv5udYYTgoAAIBJQcABABi7
jRNVZltNzbVb2jHfVhwnipNkvY/GMNI0Uy+KJEmd1VWtdLrqdLqD3h/2ev8PAAAATCcCDgDA2G2c
qDI729T83Kx2zLfVWS1CiWoBRzqYxpKqMwg3VlZXFXje4FkEHAAAANOMgAMAMHYbJ6psrOCQVIQb
q8PvudbPQ1JRvbG6qk6nO3geL2cAAADTjp8IAQCbqhH42jE/pyzLZBiGoijR0nJH/X5//WNYYRRp
cWlFD+zdr13ZvBzbXh9JCwAAgOlEwAEA2FSB72vnjrZc11EUJVpe7sgyTeX9vvI8rxZwhJEWF5fX
K0VaM4QbAAAA046AAwCwqYLAk+s6as+2tLS8or0PHpBlWVKWqW8YlfZcq+BIs0zNmRnt3jU/5lMD
AACgbgg4AACbyjAMmaYhyVLg+2q3m9q9a4e6vZ663VDdXm/oPTdOVFleWdHBxWUtHFyU67hyXUeu
64z5vwIAAADbnbnVBwAATLYi4DBlWaaCwFd7tqXdu+Y122rK86oFEcVElUgrq6taXu5ocWlFBxaW
1FldrTShBQAAAPVHBQcAYFMZhiFjcBUlCLxBwLFDWZZXqt6QHj5RZWmlo8XFZS20ZiRpUL1BTw4A
AIBpQ8ABADhifNfV7GxTWZapF0ZaWl6RZVmjTVQJYx1cWpbrOjIMQ4HvqT2brQcrRsU+HwAAAKgX
Ag4AwBHjea7araZs29LSckf7An88E1WWVpTnffl+USGSZblMs7gaQ8ABAAAwHQg4AABHjOe5sm1b
MzOB9u1fUMP3xzJRJV/sq9sNNTfb0uN271SWZZIsGcbwgQkAAADqiSajAIAjZm2iimVZagSB5udn
ddSeXZqbm5XvuZX2zPO+0ixVHCfqdLtaXFzWg/sXtLzcURTFY/4vAAAAwHZFwAEAOGI2TlRpNALN
z7V11J7dmmu35PtepT3zPFeaZoqTWKurPR1cWta+fQtaWiHgAAAAmCZcUQEAHDEbm342Gr7m52aV
pKmyLNNqt9pElTzPlee5JGm129Xi4op8zyuqRBr+2M4OAACA7Y2AAwCwJdYmqkhSrxdqeaWjIPCV
ZZmyLB/00RhOFMVaXukUFSKBr3a7pSxjogoAAMA0IOAAAGwJz3PVVlOe52p5paOFg4tq+J6iJFEc
J9UCjjjR8kpHaZZprt1SLwyZqAIAADAlCDgAAFvC81x5nqtZSQcPLunBfTMKguJKSZblkpKh94yi
WGmaarXb0+N27VCvFzJRBQAAYErQZBQAsOUC39OO+Tkdsxw3gAAAIABJREFUe8we7ZifU1Cx4Wi/
31ee95Vlmbq9UEtLK0xUAQAAmBJUcAAAtlwQ+Nqxo71+LaUbhtLBpaH3KQKOXP2+oV4v1OJyR/v2
LSidb69PbgEAAMBkIuAAAGy5wPe1Y74t13HUC0MdWBg+3JCKgKPfL66i9MJBBYfPRBUAAIBpQMAB
ANhytm0p8IprKc2ZGbWaDTWbDaVppjRNlabDNxwNw1iLS8uSJNd11Gw2FM8n6w1HTZNbmgAAAJOE
gAMAsOVs25bvF5+bg3CjNTOjXhQpDFUt4IgiLS4Vn5vNhnbumFMUx3JsW7YtAg4AAIAJQ8ABANhy
tm3Jti1JKqo3ZmbUbDYkSWmaVtozDCOFYSQtSTvm59TprCqOi8kshBsAAACTh5/wAADbiu95mptr
6ag9uzTXbsn3qk1U2ajb7Wn/gYO69777tf/AQXV7vTGcFAAAANsJFRwAgG3F9z3NtWeVJpnSNNPK
anfkPbu9UPsPLMo0TaXpHnmuq7n27BhOCwAAgO2CgAMAsK34nqe5dku2Zamzuqp9+w+OvGe3V1Rw
hFEk13U1P9caw0kBAACwnRBwAAC2lY0TVWZbTc3NtbRjvq04ThQnyXofjWGkaaZeFEmSOqurWul0
1el0B70/7PX+HwAAAKgvAg4AwLaycaLK7GxT8+1Z7Zhvq7NahBLVAo50MI0lVWcQbqysrirwvMGz
CDgAAADqjoADALCtbJyoMttqaq5dVHBIKsKN1eH3TNNsfdTsSqerzuqqOp3u4Hm8FAIAAEwCfqoD
AGxbge9pbm5WcZyo35fCKNbSckf9fn/9Y1i9MNTCwSX9/Bd71WrNqNWcUas1swmnBzAM13Hkua5c
15FpGjJNk5HOAIChEHAAALYt3/c0356VaRoKo0hLyyuyTFN5v688z6sFHL1QCwtLkqTZTlOzraZW
VxkbC2y1ZrOh5kxDzWZDjm3LtkXAAQAYCgEHAGDb8j1P5pyhRsPX0lJHD+5bkGVZUpapbxiV9uyF
kRYOLqoXhurMdtVZ7Wq1S8ABbLUdcXEVzXUdSYQbAIDhEXAAALYt0zRkW7bkSjMzgebas9q9a4e6
vZ663VDd3vDBRJZlipJBo1LDUJKm6vWiMZ8cwLA6q10tHFxSq9nQXHtWc3Ozmm/PSiqqOwAAOBwC
DgDAtmWa5nqZ+kyjobl2S7t3zevgoqUsyyoGHLniOFGW5UrSTL1eqGWnswmnBzAM96Ajd9CD49ij
H6djkmS94TABBwCgDAIOAMC2tbHJ4FoFRy+MlGV5pXBDKio4siyTlIiLKcD2FMdFuDHbahb/w56t
PQ8AoB4IOAAAteC7rmZnm8qyTL1w0HDUskaaqAJge9o47UiSfukpT9jiEwEA6oCAAwBQC57nqt1q
yrYtLS2vaH/gjzxRBcD2tHHaEQAAZRFwAABqwfNc2batmZlA+/YvKPD9kSeqANieNk47AgCgLAIO
AEAtGIYh0zQkWWoEgebnZ3XUnl1a7fa0yqhXYKI8bNoRAAAlEXAAAGqhCDhMGUZfjYav+bm2jtqz
WwcWFpVlGQEHMEE2TjsCAKAsAg4AQC0YhiFjcBWl0Qg0PzerJE0H4UZ3i08HYJw2TjsCAKAsAg4A
QO2sTVSRpNXVrhYOLjFRBZgglmXJssyizw4AACURcAAAasfzXLXVlOe5Wji4pICJKsBEsSxTruvI
c52tPgoAoEYIOAAAteN5rjzP1aykB/buV8P3mKgCTBDLsuS5joLA3+qjAABqhIADAFBrjm3J9z01
mw1FUawojgd39wHUlW1b8jxPzZnGVh8FAFAjBBwAgFqzbVu+76k1MyPDMJRluSLFW30sACOwrSK4
nCHgAAAMgYADAFBra2+Ems2GsjxTFBFuAHVn27Z8z6WCAwAwFAIOAECtmaYp27LkOo4sy5JpmpX2
2Ti1wbFtOU7xAaC8MIwVRpHCMBppH8ex1WgEas+2xnQyAMA04Cc3AECtmaYh27bkuLZs25JpVmsy
uj61wXEUNAI1Al+NIBjzaYHJtri0rMUljSfgCALNtQk4AADlEXAAAGrN2FDBYY9YweE5xdSGdqup
2dkmvz0GKgijSFoabQ/HdjTT8PkeBAAMhYADAFBrtmXKdV0FgS/XdWVZVQOOh/aZnW1q14557do5
P+bTApMnyzKlWa4sy7S80pFjOyPvaVmmXIcxsQCA4RBwAABqzbIsua6jRuDLdYs+HJX2MYt9At/X
bKupnTvndNRRu8Z8WmDyxHGy/nFgYXEsvWtsy5Lrumr43hhOCACYFgQcAIBaWws4gsCXN0rAsWGf
tQqOo/fsHvNpgcnT64Xq9iL1eqFmGsFYAo61njhUcAAAhkHAAQCoNcs01ysvXNeRVbEHR5qm6oWR
Op2uwjBSmqZjPikwmdI0UxhG6qx2FUaR0jSrtI9tW7JtW7ZlPfT9XDGwBABMJwIOAECtWZYl13EV
BJ5cx638hijNMoVhLNNcVRjGSrJqb9KAaZOkqcIo0kpnVb0RwkHbtuV7nnzfG/TUcSr31AEATCcC
DgBAra2XsmejvSFK01RhGCnPcyo4gCEU4eCggiOMlFYMB23Lku97as40ioDDoYIDADAcAg4AQK2Z
pinHtpS5jmy7+pjYPO8rzVIpltIsVZ73x3xSYDKlSapuL9TS8oq6vVBJMkoFh6vmTEO+58q2+TEV
ADAcXjkAALVmmqZs25LXLwKOqj048jxXmq59zpTn+ZhPCkymJEnV7fW0vNxRt9cbIeAYVHA0G/J9
T7ZN9QYAYDgEHACAWjNNQ7ZtyzCKz6ZpVNonz/P1UCNNUwIOoKQkTdTtFhUcvW6oJE0q7WPblnzP
G1RwEHAAAIZHwAEAqDXDMAahhiXbtuQ4jlzXUZ73HxZaDGOtiiOOE5mmKdM0Kl99ASZdmmYKo2IC
UW+UKSqW/YgKDn5MBQAMh5/WAAC1VgQcpizLlG3bchxbruuO3o8jTRUnyaCag34cwGNZGxO7sro6
UoPe4oqKq9bMjHzflUODUQDAkIjGAQC1ZhiGDKO4lrKxgkNS5WsmeZ4rzYoKDrkaBCW82QIeTTKY
QNTpdEfax7ZtBVRwAABGwCsHAGBiWJZVjIz1fUlSlmWShu8HkA3CjV4vLPY1TUnOGE8K1FuaZkrT
dL16o+q1lLWA0jCM9e/dZrOhgB4cAIAKCDgAABPDtky5jqNG4A1CirjSPmmeK45jdcNQlmWuV4QA
KKSDqo1eFCmMIiUVr6WsXTEzzUHAEfhqzczIti0qOAAAQ+OVAwAwMSzzoQqOogKj2m+AN1ZwuI6j
IKv222lgUqVppt6gseioFRymaciyLHmDgKPZbIz5tACAaUHAAQCYGKZpyrYsuY4jyxqlyWiuZDBF
JU0zRsYCj5Akg9GwSyvqdkMlSfXRsJ7nynNdRsMCAEZGwAEAmBiGaRSNRl17MEXFqLTP2hSVKC6m
qGRMUQEeJk5Tdbs9LS6vaLXbq3xFxbYt+Z6nmZlg0FiUgAMAUB1jYgEAE2NjBYc9YgVHSgUH8JiS
pAg4igqOnpKkYsBh2fJ9V82ZhnzflW3xuzcAQHUEHACAiWGahmzblus6sm27cgVHluWKk0S9MFKc
JMoyAg5goyzLHvE9Uq0Hh+PYagSB2rMtNYJAjkPAAQCojoADADAxTNOUbVtyXXdwRaXay9xak9Gw
FyqOE+U0GQUeJs9yxUmqMAwVJ2nlENBxbDUavubaTTUavlwCDgDACAg4AAATowg4NlZwVA04ciVU
cACPKcsHk4bCSEmcKMurV3DMUMEBABgTXkUAABPDsgZjYgNfrltMUqnioTdvRQVH1TdvwCTp9/vr
H2vfH51OV72o+pjYcX3PAgAgEXAAACaIbZpyXUcN3xu8WRrhikqSqNcLR+ovAEySfr+vPM+V531F
cfH9sbK6qjTNlFacomKZg4DDHwQcJgEHAKA6Ag4AwMTY+Ntgb4Q3S1mWK45j9SxTcRxzRQXQWsDR
X+9R0+sVFRyjsCxTrusOKjjcyqEkAAASAQcAYIKYpiFnQw8Oq+IUlTzPlaSZrMGY2IwxsYDSNFMU
xYqiWGFY/VqKaZqDD0Oe58r3ioDDc7iiAgAYDQEHAGBirE1R8VxnpCkqeZ4Xb+aMIuDICTgApWmq
MIzU6XZHDjhs25Jt2/I9T77vqeF7siyLCg4AwEgIOAAAE+OhMbGjBhx9pWmqfr/4nOf9MZ8UqJ80
zdSLInU6XYVRpKRi3w3TNNanHXmeK9/3FAT+mE8LAJhGBBwAgIlhmoZsy5ZcybGLkMOyrIdNfyhj
rdeAlClNMyVJojhO1svqqwYnQJ0laapuN9TS8oq63bBywGHbdlG1EfjyfU+2zY+jAIDx4BUFADAx
igqO4rPj2IM+HKbywfSH4QKOXP2+oTRNlSSp4iSRbRVl9eQbmEZJkqrb62lpuaNur6ckqRpwWPI9
V63mjHzPlU3fDQDAmBBwAAAmxlrzQklyHEe2VVRwKMvUN8o3HN1Y7ZGmmZI0VRwnkqvB/rwhw/RJ
kkTd3qCCoxcqSZJK+9iWrcD31JxpyPc9OVRwAADGhFcUAMBE2njPP0kM9dNEWYWeiBtHYkqSZZqS
nPEeFqiBNM2KJqOdrnojNBl1HFuNIFB7tqlGEMhx+HEUADAevKIAACaSaQwajjqO+v2+sirphqQ0
zxXHsbphKMsy5bqEG5hOSVYEHCurgykqFb+nHMdWo+Gr3W6p0fAJOAAAY8MtYgDARBrXRJWNFRxR
nFQOSoC6K8bExsUUlTBWWrHJaFHB4Q8qOAg4AADjwysKAGAirVVbBIG3HlJUkee5krT4+jTNlOf5
mE8KbF95ng8++orjRHESF98LWfXxyZZlDb43fbmuU/TJAQBgDAg4AAATybKK6ymB7yuOE1lhtTdR
ed5XmqaK4kRpmiqr+KYOqKM8z5WmmdJBo921kCPP+5XDPsschI++VwQcjCUCAIwJAQcAYCJtrODo
DfpnVLH2Bo8KDkyjtYCvCDfi9ZBjFFRwAAA2CwEHAGAiPexN1Gq38puoPM+VZumGsnwCDkyPtb4b
3V5vpL4blmXJskxZlqXA9+S5rlzXkWPZMs3yI5wBADgUAg4AwEQqKjhcBb4v13VHr+BIYio4MHXS
NFMYRVrpdBVGkZKKo2HXKqo815Hvu/I8T57jyjSNyg2AAQB4JAIOAMBEWu/BEfhynepl8BtL9NO0
emNFoI7SLFMvjNQZcTSsZVnyBhVVvu/J91xGLgMAxo7IHAAwkcY1JpYeHJhmSZKo2wu1tLyibi9U
klTrv2HbljzPU3OmId/zZNv03QAAjB8BBwBgIlmGIdu25TmOHNuWaVS75//QFRUCDkyfJEnV7fa0
tNRRt9tTklTrwWFblnzf08xMQ77v0VgUALApCDgAABNpfBUc/Uc0GeWKCqZHkqSPqOCoGHDYtnzP
HVRwuLJtbkkDAMaPgAMAMJE23vkfZRRllhXXU3q9SHGcKKvYgwCoozTLFIaROp2uemGktGKTUcex
1WgEas+21GgEchwCDgDA+PHqAgCYSGtTGxqBV1RxVJyikuW54jhVzwqLgIMrKpgixZjYSCurq4qi
WGlWrYLDsW01gkBz7ZYaQSCXgAMAsAl4dQEATCTLstanNIyjgkOS4jilggNTJUkfquDIsqxywOc4
jmYa/qCCw5djM0EFADB+BBwAgIlkmoZsy5ZcybGLPhyWZanf769/lLHWg0NxMVEiTTNlWSbDMNY/
gEmSppnSNFWaZur1QsVJcTUrH+L75pFs25LveWo2GwqYogIA2CQEHACAiVQ0GS0+O44t27Zlmaby
fl95ng8RcORK0+JzkqZK01RZlss0DZmmScCBibN2LaUXRer1QkWDq1nDBIOPZNvFFJXWzIxs26LJ
KABgU/DqAgCYSKZprk9OcRxHtlVUcCjL1B8ilMjzfH007MYKDsmSYTBRBZMnTTP1orXGouFYmus6
ti3fLyo4AADYLAQcAICJZ5qGbNuW6zpKEkP9NFGV92tZ3leaFiNjHacvw3BUsbUHsG09NDlotHBj
rVLDtorrKVxLAQBsNgIOAMDEK66rWHIdR/1+v/IbtuK6SqYoSWQYRuXGpcB2lua54jhRN4zWr6dU
Ydu2fM+T7xcfXEsBAGy2ajPzAACoEdMYBBxu0Wx07erKsPI8Vzr47XaSZetXV4BJMrYKDqvou9Gc
aRQBB4EgAGCTEXAAACaeZZlyHUdB4Ml1HFlWtZe/LMsVxfHgjV+sLCPgwORJklTdXqil5RV1e6GS
JK20j+M4agSD0bCBL8dhNCwAYHMRcAAAJp5lFdUbge/LdZ3KV0vWfrPdHfxmOx2x8SKwHaVJqm6v
p+Xljrq93ggBh61GI1C73VSjEchxuKICANhcBBwAgIlnWWYRcATeIOCoWsExntJ9YDtL0kTdblHB
0euGStKk0j6OYz+igoOAAwCwuQg4AAATb72CIxi1gqNovrg+OpMeHJgQ/X5feZ4/FOKFYTEmNoqU
ptWnqKyNhi2ajNKDAwCwuYjSAQATr6jgcAdXVNzqFRx5pjiJ1etFipOYCg5MjLWAI8/7igZVSiur
q0rTTGla7YqKbdnyfU+tmRn5vifH4sdOAMDm4pUGADDxLMsaNBn1B01Gx1TBQZNRTIgi4Og/7BpW
p9MdaU/bthRQwQEAOIIIOAAAE880xzgmNi3eAKYpY2IxOdbCuziORwrvDMNY/3AcR57rKgh8eSME
iwAAlEXAAQCYeJZhyLZteY4j27ZlGkalfdYDjoSAA5OlqNyI1Q2jwQjkatevDMOQaZoyTUOuY8vz
XDV8T5ZlVb4aBgBAWQQcAICJt7GCwxmpgqOvNEsHI2JT5Xl/zCcFtkaW5YqSwYSgJFE6QgWHaRqy
LEvOIOAIAn/MpwUA4NERcAAAJp5lWfLGMkVlrT9BxJhYTJQkGYyGXVrR6gijYW3bkue58lyXvhsA
gCOOgAMAMPGKKSqOGoFX9OGoPEUlVxyn6lmh4jhlTCwmRpym6nZ7WlxeUbfbU5JUnJxiW/I9TzMz
gXzPk03fDQDAEUTAAQCYeJZVXE+RNJYKDklUcGCiJEkRcCwtjRhwWLZ831VzpiHfd2Xb/KgJADhy
eNUBAEw80zRkW7bkFm/ATLNqk9GiB4di0YMDEyVNU4VRrM5qV2EUK02rBRyOY6sRBGrPttQIAjkO
P2oCAI4cXnUAABOvaDL6ULPR0cbEPjRNhSkqmBRpmikMI3U6XYVhpDStVp3kOLYaDV9z7aYaDV8u
AQcA4AjiVQcAMPGKsZVFqGHb9kgBx1qokaYpAQcmRppmCqNoUMExWsAxQwUHAGCL8KoDAJgqRRWH
Ldd1lOf9h4UWw1ir4ojjZBCgGJWDE2ArrP3bz/O+ojhWGEbqhWHRXyavFnDYti3f99RsNgZTVPhR
EwBw5PCTGABgqqxdU3Fdd8TrKn2laao4SQbVHPTjQL08FNLFiqJIYRQXI5CTRFlWrTrJtqxBk9GZ
oskoU1QAAEcQsToAYKqYprFewSGp8jWTPM+Vrk1VcTUISngzh/pYD+niRFH0UAXHKDZWcLiuQwUH
AOCI4lUHADBVbNuW7xVjLLtGT3mer49+HcbayNher3hDaJmmJGfMpwU2z8Z/w6OMPV7rcWOahlzX
keu4cl1HzggTiwAAqIKAAwAwVYoSek/NmaByuCFJaZ4rjmN1w1CWZa5XhAB1kWXFv/9uGCmOE6UV
r6WsXfuybVue68h1HXmOS18aAMARR8ABAJgqtm2tV3DEcaKuXe1aycbffruOo6Dib7+BrZJlmaJk
UMGRjFLB8dC1L9d1B58J/AAARx4BBwBgqmycojLqyNhkMEUlTTNGxqJ2kjRVtxtqaXlF3W6oJE0r
7bPWd6MR+ExOAQBsKeoGAQBTZX2KijOeKSpRXExRyZiigppJklTdXk9Lyx11ez0lSdWAo6iKajVn
5HuunIpVUQAAjIqAAwAwVUzTkG0NKjhGaIL40IhNKjhQT0mSqNsbVHD0QiVJtX40tmUr8D01ZxpF
BYdFBQcAYGsQcAAApsp6BYfrjFTBkWW54iRRL4wG/QsIOFAvaZYpDCN1Ol31wkhpWq0Hh+PYagSB
2rNNNYJAjkPAAQDYGgQcAICpYg16cHiuO1IPjrUmo+FgxGZOk1HUTJoWAcfKaldhGCmt+G/YcWw1
Gr7a7ZYaDZ+AAwCwZXgFAgBMlY0VHM6IFRwJFRyosSRNFYaxOp3u4KpVtR4cRQWHP6jgIOAAAGwd
XoEAAFPFMk25rqPA9+W6jiyrYsCRD8bEhkUFR9URm8CRlGWZsixXlmUKw1hRHBfhRpYqr9go17Ys
+YMeHIHvybZoMgoA2BoEHACAqWJZxQSVIPDkOq4ss9qbsSzLih4cvbCo4MgJOLD9ZVmuOE4UxYnC
MFIYRYqTWHner9wo17Zt+Z6nVnNm/eoXAABbgVcgAMBUsaxBBUc2YgVHliuOY/UsU3Ecc0UFtZBl
maK4CObCMFIUFRUco3Dshyo4LMuq/D0FAMCoCDgAAFPFNE05tqVsMEXFGqHJaDR4Y/jgvgXZlq1u
LxznUYGxi+Nk/ePn9+/VSme10j62bcm2bdmWteG6lyXTNGQY1UYvAwAwKgIOAMBUWWsy6vXHMCY2
LpqL7n3wgHq9UA/uOzDm0wLjtdZ/I80yrXRWtbJSNeAorqX4vqcgeKgayjAIOAAAW4eAAwAwVUzT
kG3bMgxjMCa22puxolljJikh3MDUeVhj0cCX6xQVHAAAbCUCDgDAVDEMYxBqWLJtS47jyHWd9SaL
VRstAtOkaNbrDJr12oQbAIBtgS5QAICpUgQcpizLlG3bchxbruuOdF0FmDZFs1575HHLAACMExUc
AICpsrFHwMYKDklUbwAlWZZVTCMKvPUGowAAbDUCDgDA1Fp/k+b7krTeUwPAoTmOrUYjUHu2pUYQ
yHH4kRIAsPWoJwQATC3bMuU6jhqBN2iSyMsiUIbj2GoEgebaLTUagVwCDgDANsBPcgCAqWWZD1Vw
eK4jy6TMHijDsR3NNPyigqPhy7GdrT4SAABcUQEATC/TNGUPpkFYFk1GgUNZ619jGMZ6MNhsNhR4
nmybcBAAsPUIOAAAU8swjaLRqGsPpqgYW30kYNtam0BkmoY811EQ+GrNzMi2Ldk2P1ICALYer0YA
gKm1sYLDpoIDOKQi4DA2TFApKjgAANguCDgAAFPLsky5rqsg8OW6Lk1GgUNwHFu+78n3PDUaTE4B
AGw/vDIBAKaWPfhNdCMYNBm16CMAPJa1ySmzrZliNCzXUgAA2wy/qgIATK2NpfYuAQdwSI+cnOI6
TE4BAGwvRO8AgKllmeb6NAjXdWXRgwP4P9NS3P/P3p3HR1Hffxx/75nN5k4It4iioCgCotXWoyhS
wANFERCxWutRL1TaSiv68+EtHlWLtWqrVqtWEFG8lYoWLxRB8CyXkUvuhJB7r/n9sWS6s7k2m91N
lryej8c+srP5zne/O9+dnZnPfA+XS263S12KClRcVKAuXQpVVJCnzMyM9i4qAAAWBDgAAJ2Ww+GQ
2+VWZmYGLTiAPSJnS8n0ZCg726vsLK+6FRepa3GRuhUXKTs7S5keT3sXFQAACwIcAIBOKzzIqEuZ
wXBzewYZBayzpWRmhrukFBbkqVvXLurerYt6dCuWw+FgfwEAdDgEOAAAnZbdbpfL6VDQ7ZLTGf80
sZFN+vNys5WXl6P83JwElxZIjXDrjXALjuwsr9mCIz8vV9lZXjkcDtnt4e87AAAdCQEOAECnZbfb
5XQ6lGGEAxzxjsER2aS/sDBf+/buoT779ExwaYHUaGoMjkxPhjwZ4emU6/8PAEBHQoADANBp2e02
OZ1O2Wzhv3Z7fBdskU36iwrytF/ffXTYIf0TXFoAAAA0hwAHAKDTqg9MSA45nQ659typDoUMhUIh
hUKhmPIxDEOhkCEpqGAwpGAwqGAwaLkTDgAAgORidCgAQKdV37XE4bDL6XTK5XLK7Xa3ejyOcIAj
ZAluBIPhAIlhGEn8BAAAAKhHCw4AQKcV2boisgWHpJhbb0jhAEd9IKM+uBEMBiU5ZLMR4AAAAEgF
WnAAACDJ6XDsGUjRI7fbJYfDEVc+gWBIPp9fNTW18vn8CgZjD5QAAAAgfrTgAABAksPhkNvlkjcz
Q8FgUD6fL6586tetrq3bk69dkiuBJQUAAEBjaMEBAIAkh91utuDIcLvksMfXgiMYDMnnD7fgqPPT
ggMAACBVCHAAACDJbreHu6m4wt1TWjPIaKRgMKg6SxeVYIJLCgAAgMYQ4AAAQJLdbgsPNOp27plF
Jb6pXYN7xuCorq2Tz+dXoBWDlQIAACB+BDgAAJBki2jB4WxLC45QMGqQUVpwAAAApAIBDgAAFB4M
1O12KzPTI7fbvWdw0NYLhUIKBAPh1hvBQKummwUAAED8CHAAAKD/TRPrzWzbNLGhUEiBQFA+v0+B
QJAABwAAQIoQ4AAAQHumiXW7lJm5ZxaVuAMchgKBPS04AgGFQkaCSwoAAIDGEOAAAEDWaWLdbpcc
cY7BEQgEVFvnU2VVtWrrfAoEAgkuKQAAABpDgAMAAO1pweFyKzMzQ26XO+4WHIFgULW1daqqqlZt
bR2DjAIAAKSIs70LAABARxAeZNSlzGD9GBzxtuAIqq6uTpV2m2rr6hQIEOAAAABIBQIcAABIstvt
cjkdCrpdcjrjnyY2FArJHwjK4fMzyCgAAEAKEeAAAEDhAIfT6VCGEQ5wxDsGR/0sKnW2cIAjSIAD
AAAgJQhwAAAgyW63yel0ymYL/7XbbXHlUz+LimEYzKICAACQQgQ4AACQZLPZ9gQ1HHI47HI4HHI4
HDIMw3zEwjCMPUGNoAKBoPx+v3w+v+x2u+x2W9xdXwAAANA8zrIAAFB9gMNuCW447HbZ7XbZbLG3
5ggHOEIKBkMKBALy+wPy+f205gAAAEgyWnAAAKDHpFTXAAAgAElEQVRwgKM+kFEf3HA4HFIwKKOV
AY761h6BQFD+QEA+n19ya0/rjfimnwUAAEDzaMEBAEAUc8rYzLZNGRsMBuXz+VVTUyufz69gkClj
AQAAkoUWHAAARHE6HHK73fJmZkjSnplQ/K3OJxAKyefzqbq21gyaAAAAIDlowQEAQJTIFhwZCWrB
UUcLDgAAgKQiwAEAQBSH3REOcHgy5HK75LDHN25GKBSSPxAOcgQCQYVCoQSXFAAAAPUIcAAAEMXu
sMvtcsrj8cjtcsbdgiMUMhQIBFTnC8+iEmQWFQAAgKQhwAEAQBSHwyG3K9yCw+1yhWdTiUMoFFKA
FhwAAAApQYADAIAodrtNTqdTbrdLTqdTdnvs08RGCgZD8vn9qqmtk8/vVzBIgAMAACBZCHAAABDF
brfL6QzPpOJ0OmS3t22Q0do908SGGGQUAAAgaQhwAAAQJRzgiGzBEW+AIyQ/LTgAAABSggAHAABR
/teCw9W2FhyhPdPE1oZbcDBNLAAAQPIQ4AAAIIrDFh6DI8PV1jE4guExOGpqwy04QgQ4AAAAksXZ
3gUAAKCjiWzB4XI6ZLfF30XF5/OpxmGXz+ejiwoAAEASEeAAACCKw+FQhtulzExPuJtKG6aJ9QeC
cuyZJjbINLEAAABJQ4ADAIAoDoddbrdL3swMud0uORzxteAIhUIKBIKqs4UDHCECHAAAAElDgAMA
gCgOR7h7iqQ9AY54W3AYCgQCMozw31DISGQxAQAAEIEABwAAUex2m5wOp+SWXM7wTCoOh0OGYZiP
WBiGsSeoEVQgEJTf75fP55fdbpfdbot7dhYAAAA0RIADAIAo4UFGw39dLqecTqccdrtChqFQKNTK
AEdIhmFTIBCQ3x+Qz++X0+HYMztLkj8IAABAJ0KAAwCAKOEWFuHog8sVHmTU4XBIwaAMW+xTxka2
9ggEgvIHAvL5/JJbe/KPr+sLAAAAGiLAAQBAM+x2m5xOp9xul/x+m4yAX8Fg6/MJBoPy+fyqqamV
JDnsdkmuxBYWAACgEyPAAQBAM+w2u5xOh9wulwzDUDCe6IakQCgkn8+n6tpac5YWAAAAJA69fwEA
aEZ4PI7wrCpOpyPugUEjW3DU+fxxB0oAAADQOFpwAADQjPrWFpmZGWaQIh5VVTXaun2nJMnrzZQ3
0yOvNzORRQUSrn48Grvdpgy3S26XW263Sx6PW56MDHk8Ge1dRAAATAQ4AABohsMR7p6S6fHI5/PL
URvfwKBV1dXatl2qqq6R2+WUy+mSy8VhGB2b0+mU0+mQ0+FUdrZXOdleZWd7lZ+Xq/w8EeAAAHQo
nFkBANCMyBYcNXvGz4hHVVWNqqpqpO0JLiCQRO6IVhtFhXkqLMhXUWGeJMmTkSHltXMBAQCIQIAD
AIBmOByOPQEOj9xV1eHpYoFOIhQyFAgGJJ9UUVktSfL5fbLZbLLb7HI47MrIcCvD7VZGhrudSwsA
6OwIcAAA0IxwCw63Mj0eud3uuFtwAOkoFAopEAj/rawy5PP5VVlZLbstPDaHw+lQXk62cnOzCXAA
ANodAQ4AAJphjsGR6ZHb5aIFBzqVUCikUCgkSXsG2A234rA7wrML1Y8jk5HhlnLaq5QAAIRxGwoA
gGYkappYYG/i9wdUXV2r8t0Vqq6uld8faO8iAQBAgAMAgOY4bDY5nU5luFxyOZ2y22ztXSSg3fn9
AVXX1Ki8vFLVNTUEOAAAHQJdVAAAaAYtOICG/AG/qqtrZbfbwy04Av72LhIAALTgAACgOQ6HQxn1
s6i4GYMDqGe0dwEAAIhCgAMAgGaEZ1FxyZuZEW7FwSwqgBndMKL+AgDQnuiiAgBAMxyOcPcUSbTg
AAAA6MAIcAAA0Ay73Sanwym5pcyMDHm9HmVnexUIBBUIBBQIBNu7iEDKud0uZWd5VViQp+wsrxkE
BACgPdHOFgCAZpiDjLrc8ngy5PVmKicrSx5PhpxO7hOgc3K7XcrO9qqoME/Z2V5lEOAAAHQAnJkB
ANAMu91uzpzi8WTIm5mp7GyvJCkQYGpMdE5ut0s5tOAAAHQwBDgAAIiRNzNTxUUF8vl92rWrQmXl
u+V2ueTz+eXz++XzMVUm9i42m818eDxueTIy5PFkqHu3YhV3KVRhQb5ysr1yu9ztXVQAAAhwAAAQ
K6/Xoy5d8uV0OuTNLJXb5ZTdZlNlVbUqK6sJcGCvY7PZ9rRisinL61V+Xo7y83LVo2sXFRcXqqgw
T26XmxYcAIAOgQAHAAAx8mZmyul0KDcnWy63U3abXcFQSJLCwY2qdi4gkGDhAIdNDodDWVmZKios
UPduXdS1S6HZggMAgI6CAAcAADGKnFElLydHoZAht9ulosJ8VVZWq7KqOmHvVVtbp9q6OtXW+hQI
BOQP/m/WlsZmb3E4HHI47HI4HMpwu5WR4VJGhltul1sZbhd32DuYdKnf+jFo7Hab8vNyzRYcubnZ
8rjplgIA6FgIcAAAEKPwjCrhv7m52XK7XcrNyU7KGBy7yndrV3mFdpXvDl8M1/pUW1unmro61daq
kQtgu9xulzJcLuXmZis3J/zIzvYqO8ur7OyshJUNbZcu9WsZgyMjPJOQx5Mhj9utjAwCHACAjoUA
BwAAMYqcUaU+uJEsW7bu0JZt27Vla4YqK6tVUVWlykqHpMZnb3E4HMpwuZSZ6VF+Xq6KuxSYXQiK
CvPoStDBUL8AACQeAQ4AANpRKBTa8zBUVV2tqqoaVVXXaGfpLu0s3aUdpWUN7vBH392XpGAwqDp/
uAXJrvLdCoVCqqmp067yCu3YWabc3Gzl7LnTn53lld1uswRskBzN1e+O0jLtLN2VwPrNMlt0UL8A
gM6IAAcAAO0oFAqZ4y6Ule3Wtu07tXX7Tu2uqNTuiirt3l3Z6BgN0YLBkHw+v4LBkIIhQ9U1tSor
3y1vZqayvJnyZmaqe7cu6t6ti1wup1xOp9ndBslD/QIAkDoEOAAAaEehkKFAICCfz6+yXeXasGmL
StZtVE1Nrapr61RTUxtTPsFgUMFgUJLfso7b7TKn8azz+eR2u1RYkCeJi99UoH4BAEgdAhwAALSj
yqpqlZbu0s6ycm3Zul2lZeWqqalVnd+/54K2bUIhQ4FgQPJJu8or9OPmbZKkgvxcFRbkqSA/1zKQ
JBIr1fW7ifoFAHRiBDgAAGhHlZVV2rx1h9Zv+FHluyu0a3elqmvr9tyxD7U5/3AXifDfXeW7JUlV
1TXap1d3ORwO5eZkm+M1cAGceO1Rv9XULwCgkyLAAQBAO6qoqtaWrTu0+vv1e6ab9SV0utn6QS6l
8OCU1dW12rGzTE6HQ7m52XtaEThksxkJe0/8D/ULAEDqEOAAACDFfD7/notdv3bvrlR1TY18Pr8C
wYBCoeRdiEZ2Z6isrtauXbu1bUepsjIz5fV65PVmJu29OxPqFwCA9kGAAwCAFPP5/KqsqlZFZZV2
V1SqqrpGPr9PoZBh3o1PhsjuDFVVNSor363t20sVKMiTw2HnAjhBouu3mvoFACAlCHAAAJBiPr9f
FZVVKi0r33OHvzah3RaaEtmdoaq6Wrt2VciTkSGHwyGv15P09+8souu3ivoFACAlmD8MAIAUq7/D
X1pWrsqq6pRc/HbEMuytOsK27QhlAAAg1WjBAQBAiv3v4nPXnotPX7uVQZKKCvO5AE4gn89H/QIA
0A4IcAAAkGI+v0+VlXvurldWy+dvhzv8fn/4vX3+divD3qp+21K/AACkFgEOAABSLBgMyefzq6am
VnU+v4LB5A082ZTIGTcCgeTO7tHZdLj6TfLsLQAAdBQEOAAASLFgMCifz6fqmjr5fD4Fg8GUlyFy
xo3wBXDqL8L3VoGOVr+BIPULAOgUCHAAAJBigYg7/MFgUMF2uPiMnHGDC+DECna4+iWABQDoHJhF
BQAAAAAApD0CHAAAAAAAIO0R4AAAAAAAAGmPMTgAAEgxp8Mut9ulzEyPfD6ffH5/ygeidDgccjjs
cjgccrtdcjgcKX3/vZmD+gUAoF0Q4AAAIMXCF51ueTMzJGnPIJT+FJchfBGe4XbJ7XbJ6aBRZ6I4
qV8AANoFAQ4AAFIs8g5/MBiSz+9rhzI4lLGnDNzhTyzqFwCA9kGAAwCAFHM5XfJ6PcrLzVEwFFJt
XeovgN1ul7KzspSXl63sLK/cblfKy7C36nj1m0X9AgA6BdorAgCQYi6XU97MTOXmZsubmSmXK/X3
G9wul7KzvSosyFd2dpbcLi6AE8XZ4erXS/0CADoFAhwAAKRY+AI4fIffm+lpnwtgt0vZWV4VFuTR
giPBXNQvAADtgi4qAACkmMftVm5utiSppqZWuysq94zXEFQwGErajBt2u33PwyavN1O5OdkqLMhT
DhfACRVdvxUVlSqlfgEASDoCHAAApFhGhlt5ylZGhlu7KypVWrZLXk+G6vx++XzJm1LUbrfL6XTI
6XQqK9Oj3NxsFRXkKzMzgy4MCdQR6tdL/QIAOiECHAAApFhGhlsZGW7lSiorK9e27VnKzPRIkoLB
5E0parfb5HQ65Xa7LHf4HQ6HHEwjmjAdoX6zqF8AQCdEgAMAgHaU5c1U1+Ii+fx+lZaWa2dZuYLB
oEIhQ6FQSKFQqE35R3ZbyM/LVX5+rvLzctSje7Fyc7LlcDhkt9tks9kS9IkQKcubqW7ULwAAKUGA
AwCAdpSVlaluXYvkdoXvvAdDQVVWVSsQCCgQUEIugOu7LeTn56pnj67q1aOrCvJzlZebLYfDLpuN
C+BkycrKVNeuRXJRvwAAJB0BDgAA2lGW1yuXy6n8vBwFQiFVVlZr244ySW2/+JWs3Rby83LUq0dX
HbB/H7ndLmW43HI4HG1+DzSN+gUAIHUIcAAA0I7sdpucDqfklooK8uTbp6fcbreqq2tUVV2j6ppa
1dX5zEcw1PhMHPXjLDjsDrlcTvOR5fUqKytT2Vle9eherIL8XLndLrkcTtnt3NVPNuoXAIDUIcAB
AEA7CncxCP8tLMiX2+VSYUGedldUavfu8KO8/nlFpXw+v3xqOBOHw2GX2+UKDyCamSmv1yNvZqby
83NUsGdshtycbOXlZivD5ZbdbpPdzsCTydZk/e6pT+oXAIDEIcABAEA7qh8kUpIK3XkqLMiTJJWW
lWtn6S6VlpVr+45S2W12+f0BSY3PxOGwO+R2u5Tp8YQvdPOylZebo65dClVcXKiuXQr/1wqAbgsp
Q/0CAJA6hPYBAAAAAEDasxmGYbR3IQAAAAAAANqCFhwAAAAAACDtEeAAAAAAAABpjwAHAAAAAABI
ewQ4AAAAAABA2iPAAQAAAAAA0h4BDgAAAAAAkPYIcAAAAAAAgLRHgAMAAAAAAKQ9AhwAAAAAACDt
EeAAAAAAAABpjwAHAAAAAABIewQ4AAAAAABA2iPAAQAAAAAA0h4BDgAAAAAAkPYIcAAAAAAAgLRH
gAMAAAAAAKQ9AhwAAAAAACDtEeAAAAAAAABpjwAHAAAAAABIewQ4AAAAAABA2iPAAQAAAAAA0h4B
DgAAAAAAkPYIcAAAAAAAgLRHgAMAAAAAAKQ9AhwAAAAAACDtEeAAAAAAAABpjwAHAAAAAABIewQ4
AAAAAABA2iPAAQAAAAAA0h4BDgAAAAAAkPYIcAAAAAAAgLRHgAMAAAAAAKQ9AhwAAAAAACDtEeAA
AAAAAABpjwAHAAAAAABIewQ4AAAAAABA2iPAAQAAAAAA0h4BDgAAAAAAkPYIcAAAAAAAgLRHgAMA
AAAAAKQ9AhwAAAAAACDtEeAAAAAAAABpjwAHAAAAAABIewQ4AAAAAABA2iPAAQAAAAAA0h4BDgAA
AAAAkPYIcAAAAAAAgLRHgAMAAAAAAKQ9AhwAAAAAACDtEeAAAAAAAABpjwAHAAAAAABIewQ4AAAA
AABA2iPAAQAAAAAA0h4BDgAAAAAAkPYIcAAAAAAAgLRHgAMAAAAAAKQ9AhwAAAAAACDtEeAAAAAA
AABpjwAHAAAAAABIewQ4AAAAAABA2iPAAQAAAAAA0h4BDgAAAAAAkPYIcAAAAAAAgLRHgAMAAAAA
AKQ9AhwAAAAAACDtEeAAAAAAAABpjwAHAAAAAABIewQ4AAAAAABA2iPAAQAAAAAA0h4BDgAAAAAA
kPYIcAAAAAAAgLRHgAMAAAAAAKQ9AhwAAAAAACDtEeAAAAAAAABpjwAHAAAAAABIewQ4AAAAAABA
2iPAAQAAAAAA0h4BDgAAAAAAkPYIcAAAAAAAgLRHgAMAAAAAAKQ9AhwAAAAAACDtEeAAAAAAAABp
jwAHAAAAAABIewQ4AAAAAABA2iPAAQAAAAAA0h4BDgAAAAAAkPYIcAAAAAAAgLRHgAMAAAAAAKQ9
AhwAAAAAACDtEeAAAAAAAABpjwAHAAAAAABIewQ4AAAAAABA2iPAAQAAAAAA0h4BDgAAAAAAkPYI
cAAAAAAAgLRHgAMAAAAAAKQ9AhwAAAAAACDtEeAAAAAAAABpjwAHAAAAAABIewQ4AAAAAABA2iPA
AQAAAAAA0h4BDgAAAAAAkPYIcAAAAAAAgLRHgAMAAAAAAKQ9AhwAAAAAACDtEeAAAAAAAABpjwAH
AAAAAABIewQ4AAAAAABA2iPAAQAAAAAA0h4BDgAAAAAAkPYIcAAAAAAAgLRHgAMAAAAAAKQ9AhwA
AAAAACDtEeAAAAAAAABpjwAHAAAAAABIewQ4AAAAAABA2iPAAQAAAAAA0h4BDgAAAAAAkPYIcAAA
AAAAgLRHgAMAAAAAAKQ9AhwAAAAAACDtEeAAAAAAAABpjwAHAAAAAABIewQ4AAAAAABA2iPAAQAA
AAAA0h4BDgAAAAAAkPYIcAAAAAAAgLRHgAMAAAAAAKQ9AhwAAAAAACDtEeAAAAAAAABpjwAHAAAA
AABIewQ4AAAAAABA2nO2dwHQuVRXV+vZZ581l/fff3+NGDGiHUsEAACivfLKK9q6dau5fNFFF8lm
s8WdDkglzjeBzstmGIbR3oVAx1ZeXq6ysjLt3r1beXl5KiwsVE5OTlx57dixQ8XFxeby1KlT9eCD
DyaqqACgjRs3qrq6Wvvvv7+cTuL4QLRY9pFx48bp5ZdfNpcDgYAcDkfc6RJdPuwdklXXnG8CnRdH
DTTqu+++06uvvqo5c+Zo6dKlDf7/05/+VOPGjdPYsWM1YMCAdihh5/XEE0/oH//4h7l80003xXVX
4rXXXtPdd99tLmdmZmrOnDnKy8trdV6GYeiiiy7S6tWrzdcmTJigK6+8stV5AW3x5z//WVdffbUk
6YwzztDs2bPldrvbuVRA6zz33HN65JFH2pxPZmam3n77bctrHX0f6ejlQ+JQ1wCSgQAHLHbu3Kn7
7rtPd955Z7PpPvnkE33yySeaMWOGpk+frmnTpqmgoCBFpezcdu3apQ8++MBcrqmpiSufkSNH6v/+
7//0xRdfmK899dRTmjp1aqvzevfdd/XEE0+YywUFBZo9e3Zc5QLi5fP59Mc//tFcfvnll/Xxxx9r
+PDh7VcoIA6lpaWW3/l4FRUVWZY7+j7S0cuHxKGuASQLAQ6YfvjhB5155pmWC96W+P1+3XbbbXr7
7bc1b9489e7dO4klhKQGTX/jbQqckZGhm2++WWPHjjVfu+OOOzRlyhQVFhbGnE8oFNIdd9xhee2G
G25Qjx494ioX9n5z5szRDz/8YC5PmzYtIU2THQ6HcnJyVF1dbb6WmZnZ5nzR8SXrO7W36ej7SGvL
R72nL+oaQLLwywBJUklJiUaPHq1Vq1aZr3k8Hl122WU6+eST1bdvX+Xm5mrXrl0qKSnR66+/rkce
eUR+v1+StGTJEo0ZM0ZvvfWWevXq1V4fo1NIVIBDkk455RSNHj1ab731liRp69at+vvf/67rrrsu
5jzefPNNvffee+Zyv379dPHFF8ddJuz9XnvtNf3zn/80l6+66qqEBTgef/xxXX755SorK9M111yj
n/zkJ23OFx1fsr5THcWMGTN0zDHHtHo9u906WV5H30daW769vd73ZtQ1gGThlwHy+Xy67LLLLMGN
448/Xo888ogOPvhgS9quXbuqf//+GjVqlC655BL95je/0UcffSRJ+vrrr3XNNdfo+eefb/MAY2ha
9LaNPoFtDbvdrptuuskMcEjSXXfdpfPPP1/dunVrcf1AIKDbbrvN8trNN98c9yC0QFudcsop+uGH
HxQKhfgdwl5j6NChGjNmTELy6uj7SEcvHxKHugaQDPFfGWGv8cgjj1gGITv22GM1b968BsGNaIce
eqhefPFFHXHEEeZrc+fOtUzLhcSLvmPR1pOCo48+WhdccIG5XFZWFvPgdvPnz9fixYsteU2YMKFN
5QHaymazcbIMNKOj7yMdvXxIHOoaQKIR4OjkKioqLOMneDwePfbYYw0GJmtKt27dGlwMz5w50+y6
gsSLbrHRlhYc9WbMmCGXy2Uu33fffdq0aVOz69TV1TVovXHLLbdY8gEAAACAVKGLSif3yiuvaOvW
rebydddd12LLjWjDhg3TFVdcob/85S+SpG+//Vb//ve/42pOu3nzZn366afavHmzqqqqVFBQoEMO
OURDhgyRx+NpdX6NCQQCloGqioqKLDPAbNmyRYsXL9aWLVtUWVmZkDLU1dXp888/1w8//KAdO3bI
brerS5cu2n///TV06NBWTYuW6BYcknTAAQfouuuu0+233y4pHPh66KGHmp1NZ+7cuVq+fLm5fPrp
p+ukk06K+T0TtU3q6uq0YcMGczkvL0/FxcUtrldaWqrS0lJzuVevXg0GOIv+ruTn56tLly6SwjMO
LVq0SBs3blQoFNLw4cM1ePDgmMrckh07dmjJkiXaunWrdu7cqYyMDHXp0kWHHXaYBgwYEFedh0Ih
rV69Wl9//bW2bdumiooKZWdnq3v37ho0aJAOPPDAmPKJZ5ts2LBBdXV15joVFRWWPEtKSiz1vc8+
+ygjI6PVn1GSNm7cqNraWnP5gAMOiGm98vJyrVixQqtXr1Z5ebnsdrvy8/N14IEH6rDDDktJt6ua
mhotWbJEK1eu1K5du5Sbm6suXbpo8ODBMX0Ov9+vdevWmcvFxcXmtM+GYWjlypVavny5duzYoUAg
oO7du2vgwIEaNGiQbDZbo3lWVFRo8eLF+vHHH7V9+3ZlZWWpV69eGjp0qPbZZ58WyxT9fenevbuy
s7Mlhb+TX331lb755htt375ddrtdXbt21ZAhQ1qcfjze71RZWZl27txpvp6bm6uuXbu2+Dkk6ccf
f7QMiNijRw9lZWXFtG5HEu8+kirNlS9VvyWpPK4kap+IVTAYVElJiblcfxxoSWS99OzZU16vt9n0
0duwoKCgwc2z9qzrVJxvNqYtx5qOVHfREnWO0ZhgMKilS5dq5cqV2r59uzwej7p3766f/OQnlskN
In+js7KyGOy+MzPQqY0dO9aQZD6+/vrruPJZtGiRJZ/LL7+80XTbt2+3pJs6daphGIbx/fffG1Om
TLH8L/IxYMAAY/bs2XF/zubK8MgjjxiGYRglJSXGeeedl9AylJWVGTfffLPRrVu3JvPt1auXMXPm
TGP37t0x5fn0009b1v/oo49avQ0as3XrVqO4uNjM1+PxGCUlJY2mra6uNg4++GBLOZYtWxbT+yR6
m6xevdqy7s033xxTOWbNmmVZ79NPP22QJvq7cuuttxp+v9+4//77Da/Xa/nfTTfdFNP7Nuebb74x
Jk2aZLhcria3zRFHHGG8+OKLRigUiinPYDBozJ492zjqqKOazFOSceKJJxpvv/12i/nFs01OPfXU
Zt87+rF69eq4t+EZZ5xhySsQCLT4ef7whz8YeXl5TZanoKDAuOGGG4wdO3bEXa7mlJeXG/fee6/R
o0ePJstwzDHHGO+9916z+axfv96yzpNPPmmEQiHj7bffNo488sgm8z7qqKMa1H1ZWZlx/fXXG0VF
RU2ud8EFFxjr169vtkxbtmyxrDNv3jwjFAoZ8+fPNw499NAm8x4+fLjx2WefNZlvvN+pjz76yPL6
mDFjYqqjUChkDBo0yFzP5XIZW7ZsiWndeET/Ps2dOzdhece6jyQ6XSLKl6rfkmQeV5K1T8QqFAoZ
AwcOtOTbktraWsvv0z/+8Y8W13n99dct5X/jjTcapElmXXeE883o8rT1WNOR6q5eos8xoj/vvHnz
jAEDBjSZ74QJE4xVq1YZhmEYZ555pvn6JZdc0qr3wt6FAEcnVlNTY7kgGTp0aNx5+f1+y8Vx//79
G70Aa+yA88477xg5OTkxHcBuu+22tnzkRstw3333GQsWLGj2oBNPGZYuXWrst99+MR+cBwwYEFOA
6bnnnrOst3jx4rZuElP0ydnVV1/daLq///3vlnRNBbSiJWObpDLAMWPGDGP69OmNlvWWW26J6X2b
8thjjzUb2Ih+/OY3vzGqq6ubzXPXrl3GpEmTYs5TknHdddc1e4ESzzbpqAGOZcuWGf369WvV9/Gr
r76Ku2yN+frrr42hQ4fGXIbbb7+9ybyiAxwPPvigcf3118ec95NPPmkYhmF89dVXzV5oRT569+5t
fPfdd02WKfpi7rHHHjN+97vfxVymf/7zn43mG+93yu/3NwjOthSkqa+nyHUmTZrU4jptQYCj8fz2
xgBHovaJ1pgxY4Ylz23btjWb/oMPPrCkHz9+fIvvccMNN5jpXS6XUVpa2iBNqgMcqT7frJfIY01H
qTvDSM45Rr1AIGBce+21MeWZk5NjvPfee8axxx5rvkaAo3Oji0on9t1331ma28YzBV09p9Opn/3s
Z5o/f74kadWqVdq4cWOLTZj/85//6LHHHjObzp1wwgkaPHiwcnNz9f3332v+/PmWZok33HCDjj/+
eB133HFxlzXa66+/rhtvvNHcFokow9KlSzVmzBht377dfK24uFgTJkzQfvvtp2AwqLVr12r27Nkq
Ly+XJK1cuVKjRo3SG2+8ocMOO6zJvJMxBnfi5XcAACAASURBVEe9X/3qV3rooYe0cuVKSdKDDz6o
yy+/XP379zfTVFZWml1ZJMnr9er3v/99i3knc5ukyj//+U+tX7++0f+1pR6eeeYZXXLJJZbXjjji
CI0aNUrdu3dXdXW1lixZorlz55r/f+SRRxQKhfTwww832mWlpqZGkydP1htvvGG+VlBQoHPPPVeD
Bg2Sx+PRtm3btGDBAr3zzjtmmrvvvltdu3bVb3/725jKHss2OfbYY9WzZ0/z9YULF2rNmjXm8q9/
/WvLZ0hFs//169frtNNOs4w1c/DBB2vs2LHq2bOnAoGAVq5cqX/961/m/r9y5UqdccYZWrRokeXz
xOubb77RyJEjtXnzZvO1/v37a9y4cerVq5d2796tjz/+2FKHM2bMUPfu3XXhhRe2mP8tt9xidsfo
0aOHRo0apd69eysQCGjZsmWWepekSy65RMXFxbr66qu1du1aSdKgQYN00kknKScnR5s2bdLnn3+u
FStWmOts3LhRv/rVr/TBBx/ENGXjjBkzzN+AnJwcnXbaadpvv/3k8/n05ZdfWga8lqTzzjtPPXr0
0IgRIyyvx/udcjqduuCCCzR9+nTzf++8845+/etfN1vuyKmwJWn8+PEtflYkXkf8LWmrRO0TrXHC
CSdYjuNLlizRySef3GT6BQsWWJbnz5+vnTt3NtttIbLcp5xyiqUrcCwSXdftdb6Z6GNNR6m7ZJ9j
3HHHHbr//vstr3Xr1k1jx45V9+7dVVpaquXLl+ujjz5SRUWFxo4dm9DzYaS59o6woP288sorlgjo
ww8/3Kb8IiO+kowlS5Y0SBMdUa9/nHjiiY02vdy8ebOlyZkkY/LkyW0qZ7LLUFZWZmlCKIXvcldU
VDSadurUqZa0w4YNa7Zrxty5cy3ply5dGt+GaMLs2bMt+V966aWW/z/00EOW/996660t5pnMbZLK
Fhz1j8GDBxtPPvmksWrVKmPXrl3G1q1bW7yL0pS1a9da7ih5PB5jzpw5RjAYbJB2xYoVxrBhwyxl
+de//tVovjNnzrSkmzhxorF169ZG086dO9fSeiQnJ8fYtGlTo2kTsU2iu4K11BKlNWK9m3zhhRda
0t14441GXV1dg3Q//vhjgzuJV1xxRZvLuWvXLkuXB0nGPffcY9TU1DRI+8knnxh9+vQx0xUUFDRa
P9EtOOoff/nLXxrd11asWNFks+KcnBzj+eefb7D9/H6/8fLLLzfoYvbWW281+jmj71ZH7v/bt29v
kP6bb74xhg8fbkk7aNAgo6qqqtnt2Zrv1LfffmtJO2rUqGbzNgzDOPHEE830Xq+3yTuaiUILjtjy
S9ZvSSpbcCRrn2hORUWFpQXvH//4xybTBoPBBq2eJBkvvfRSk+ts2rTJkvaxxx5rNF0y67ojnG8a
RuKPNR2l7pJ1jmEY4da+0WWeOXNmgzoPhULGokWLjMGDBzdITwuOzo0ARyf2zDPPWH4MmrpQitV9
991nyW/BggUN0jR2wBk7dqxRXl7eZL47duywdH/xer2NXgTEKtlliG4SPmPGjGbLEwqFjKuuusqy
TnPdHV566SVL2i+++CK2Dx4jv99vHHfccZb3+PLLLw3DMIzS0lKjV69e5uu9evUydu7c2WKeydwm
qQ5wnHrqqQm9uDn//PMt+T///PPNpl+/fr3Ru3dvM/0BBxxg+P1+S5rKykrL93Xo0KEtngzfcccd
lnI899xzjaZLxDZp7wDHjh07LCdbI0aMaPbEurS01Ojfv7+Z3uPxtPk7cNNNN1nKOWvWrGbTv/32
2w1OkqM1FuB49tlnm823pKTE8Hg8DdZ7+eWXm10vOtA6ffr0RtM1djH34IMPNpv3zp07GwR/6rvP
NKW136noC8Z169Y1mTZ6u1500UXN5p0IBDiSc9Ebq1QHOJKxT7Rk8uTJZl6DBw9uMt3y5csblFdq
/gIy+gbat99+22i6VAc4Un2+maxjTXvXXTLPMQzDME4//XRL2nvvvbfZvDdv3tygqycBjs6Ntjyd
WH03gHptbcoZPfJzdP6N6datmx5++GHl5uY2maaoqEiTJk0yl6urqy0jkLdVIsuwfft2zZo1y1we
[...]
</kw>
<arg>Sauce Labs Fleece Jacket</arg>
<arg>$ 49.99</arg>
<arg>0</arg>
<status status="PASS" start="2025-07-10T14:23:33.184196" elapsed="9.151660"/>
</kw>
<kw name="Limpar Carrinho e Deslogar" type="TEARDOWN">
<kw name="Click Element" owner="AppiumLibrary">
<msg time="2025-07-10T14:23:42.338853" level="INFO">Clicking element 'id=com.saucelabs.mydemoapp.android:id/removeBt'.</msg>
<msg time="2025-07-10T14:23:43.573245" level="INFO">criteria is com.saucelabs.mydemoapp.android:id/removeBt</msg>
<arg>id=com.saucelabs.mydemoapp.android:id/removeBt</arg>
<doc>Click element identified by `locator`.</doc>
<status status="PASS" start="2025-07-10T14:23:42.336855" elapsed="1.236390"/>
</kw>
<kw name="Click Element" owner="AppiumLibrary">
<msg time="2025-07-10T14:23:43.575242" level="INFO">Clicking element 'id=com.saucelabs.mydemoapp.android:id/menuIV'.</msg>
<msg time="2025-07-10T14:23:49.054510" level="INFO">criteria is com.saucelabs.mydemoapp.android:id/menuIV</msg>
<arg>id=com.saucelabs.mydemoapp.android:id/menuIV</arg>
<doc>Click element identified by `locator`.</doc>
<status status="PASS" start="2025-07-10T14:23:43.573245" elapsed="5.481265"/>
</kw>
<kw name="Click Element" owner="AppiumLibrary">
<msg time="2025-07-10T14:23:49.057575" level="INFO">Clicking element 'xpath=//androidx.recyclerview.widget.RecyclerView[@content-desc="Recycler view for menu"]/android.view.ViewGroup[1]/android.widget.TextView[2]'.</msg>
<msg time="2025-07-10T14:23:50.601212" level="INFO">xpath criteria: //androidx.recyclerview.widget.RecyclerView[@content-desc="Recycler view for menu"]/android.view.ViewGroup[1]/android.widget.TextView[2]</msg>
<arg>xpath=//androidx.recyclerview.widget.RecyclerView[@content-desc="Recycler view for menu"]/android.view.ViewGroup[1]/android.widget.TextView[2]</arg>
<doc>Click element identified by `locator`.</doc>
<status status="PASS" start="2025-07-10T14:23:49.055572" elapsed="1.545640"/>
</kw>
<status status="PASS" start="2025-07-10T14:23:42.336855" elapsed="8.264357"/>
</kw>
<status status="PASS" start="2025-07-10T14:23:33.183199" elapsed="17.418013"/>
</test>
<test id="s1-t5" name="TC005" line="33">
<kw name="Selecionar Produto">
<kw name="Set Variable" owner="BuiltIn">
<msg time="2025-07-10T14:23:50.605127" level="INFO">${img_produto} = xpath=//android.widget.ImageView[@content-desc="Sauce Labs Onesie"]</msg>
<var>${img_produto}</var>
<arg>xpath=//android.widget.ImageView[@content-desc="${product_name}"]</arg>
<doc>Returns the given values which can then be assigned to a variables.</doc>
<status status="PASS" start="2025-07-10T14:23:50.604128" elapsed="0.000999"/>
</kw>
<for flavor="IN RANGE">
<iter>
<kw name="Swipe" owner="AppiumLibrary">
<arg>${470}</arg>
<arg>${1876}</arg>
<arg>${457}</arg>
<arg>${1224}</arg>
<doc>Swipe from one point to another point, for an optional duration.</doc>
<status status="PASS" start="2025-07-10T14:23:50.605127" elapsed="3.201203"/>
</kw>
<var name="${counter}">0</var>
<status status="PASS" start="2025-07-10T14:23:50.605127" elapsed="3.201203"/>
</iter>
<var>${counter}</var>
<value>${swipe_count}</value>
<status status="PASS" start="2025-07-10T14:23:50.605127" elapsed="3.202264"/>
</for>
<kw name="Click Element" owner="AppiumLibrary">
<msg time="2025-07-10T14:23:53.809354" level="INFO">Clicking element 'xpath=//android.widget.ImageView[@content-desc="Sauce Labs Onesie"]'.</msg>
<msg time="2025-07-10T14:23:55.192981" level="INFO">xpath criteria: //android.widget.ImageView[@content-desc="Sauce Labs Onesie"]</msg>
<arg>${img_produto}</arg>
<doc>Click element identified by `locator`.</doc>
<status status="PASS" start="2025-07-10T14:23:53.807391" elapsed="1.385590"/>
</kw>
<kw name="Swipe" owner="AppiumLibrary">
<arg>${470}</arg>
<arg>${1876}</arg>
<arg>${457}</arg>
<arg>${1224}</arg>
<doc>Swipe from one point to another point, for an optional duration.</doc>
<status status="PASS" start="2025-07-10T14:23:55.194007" elapsed="3.806294"/>
</kw>
<kw name="Set Variable" owner="BuiltIn">
<msg time="2025-07-10T14:23:59.000301" level="INFO">${btn_adicionar_carrinho} = xpath=//android.widget.Button[@content-desc="Tap to add product to cart"]</msg>
<var>${btn_adicionar_carrinho}</var>
<arg>xpath=//android.widget.Button[@content-desc="Tap to add product to cart"]</arg>
<doc>Returns the given values which can then be assigned to a variables.</doc>
<status status="PASS" start="2025-07-10T14:23:59.000301" elapsed="0.000000"/>
</kw>
<kw name="Wait Until Element Is Visible" owner="AppiumLibrary">
<msg time="2025-07-10T14:24:00.150301" level="INFO">xpath criteria: //android.widget.Button[@content-desc="Tap to add product to cart"]</msg>
<arg>${btn_adicionar_carrinho}</arg>
<doc>Waits until element specified with `locator` is visible.</doc>
<status status="PASS" start="2025-07-10T14:23:59.001272" elapsed="1.149029"/>
</kw>
<kw name="Click Element" owner="AppiumLibrary">
<msg time="2025-07-10T14:24:00.152299" level="INFO">Clicking element 'xpath=//android.widget.Button[@content-desc="Tap to add product to cart"]'.</msg>
<msg time="2025-07-10T14:24:01.317108" level="INFO">xpath criteria: //android.widget.Button[@content-desc="Tap to add product to cart"]</msg>
<arg>${btn_adicionar_carrinho}</arg>
<doc>Click element identified by `locator`.</doc>
<status status="PASS" start="2025-07-10T14:24:00.150301" elapsed="1.166807"/>
</kw>
<kw name="Set Variable" owner="BuiltIn">
<msg time="2025-07-10T14:24:01.318168" level="INFO">${ico_carrinho} = xpath=//android.widget.RelativeLayout[@content-desc="Displays number of items in your cart"]/android.widget.ImageView</msg>
<var>${ico_carrinho}</var>
<arg>xpath=//android.widget.RelativeLayout[@content-desc="Displays number of items in your cart"]/android.widget.ImageView</arg>
<doc>Returns the given values which can then be assigned to a variables.</doc>
<status status="PASS" start="2025-07-10T14:24:01.317108" elapsed="0.001060"/>
</kw>
<kw name="Click Element" owner="AppiumLibrary">
<msg time="2025-07-10T14:24:01.320168" level="INFO">Clicking element 'xpath=//android.widget.RelativeLayout[@content-desc="Displays number of items in your cart"]/android.widget.ImageView'.</msg>
<msg time="2025-07-10T14:24:02.289079" level="INFO">xpath criteria: //android.widget.RelativeLayout[@content-desc="Displays number of items in your cart"]/android.widget.ImageView</msg>
<arg>${ico_carrinho}</arg>
<doc>Click element identified by `locator`.</doc>
<status status="PASS" start="2025-07-10T14:24:01.318168" elapsed="0.970911"/>
</kw>
<kw name="Set Variable" owner="BuiltIn">
<msg time="2025-07-10T14:24:02.290144" level="INFO">${lbl_nome_produto} = xpath=//android.widget.TextView[@resource-id="com.saucelabs.mydemoapp.android:id/titleTV"]</msg>
<var>${lbl_nome_produto}</var>
<arg>xpath=//android.widget.TextView[@resource-id="com.saucelabs.mydemoapp.android:id/titleTV"]</arg>
<doc>Returns the given values which can then be assigned to a variables.</doc>
<status status="PASS" start="2025-07-10T14:24:02.290144" elapsed="0.000000"/>
</kw>
<kw name="Element Text Should Be" owner="AppiumLibrary">
<msg time="2025-07-10T14:24:02.293138" level="INFO">Verifying element 'xpath=//android.widget.TextView[@resource-id="com.saucelabs.mydemoapp.android:id/titleTV"]' contains exactly text 'Sauce Labs Onesie'.</msg>
<msg time="2025-07-10T14:24:02.720179" level="INFO">xpath criteria: //android.widget.TextView[@resource-id="com.saucelabs.mydemoapp.android:id/titleTV"]</msg>
<arg>${lbl_nome_produto}</arg>
<arg>${product_name}</arg>
<doc>Verifies element identified by ``locator`` exactly contains text ``expected``.</doc>
<status status="PASS" start="2025-07-10T14:24:02.290144" elapsed="0.430035"/>
</kw>
<kw name="Set Variable" owner="BuiltIn">
<msg time="2025-07-10T14:24:02.721202" level="INFO">${lbl_preco_produto} = id=com.saucelabs.mydemoapp.android:id/priceTV</msg>
<var>${lbl_preco_produto}</var>
<arg>id=com.saucelabs.mydemoapp.android:id/priceTV</arg>
<doc>Returns the given values which can then be assigned to a variables.</doc>
<status status="PASS" start="2025-07-10T14:24:02.721202" elapsed="0.000000"/>
</kw>
<kw name="Element Text Should Be" owner="AppiumLibrary">
<msg time="2025-07-10T14:24:02.724249" level="INFO">Verifying element 'id=com.saucelabs.mydemoapp.android:id/priceTV' contains exactly text '$ 7.99'.</msg>
<msg time="2025-07-10T14:24:03.094298" level="INFO">criteria is com.saucelabs.mydemoapp.android:id/priceTV</msg>
<arg>${lbl_preco_produto}</arg>
<arg>${product_price}</arg>
<doc>Verifies element identified by ``locator`` exactly contains text ``expected``.</doc>
<status status="PASS" start="2025-07-10T14:24:02.721202" elapsed="0.373096"/>
</kw>
<arg>Sauce Labs Onesie</arg>
<arg>$ 7.99</arg>
<arg>1</arg>
<status status="PASS" start="2025-07-10T14:23:50.604128" elapsed="12.490170"/>
</kw>
<kw name="Limpar Carrinho e Deslogar" type="TEARDOWN">
<kw name="Click Element" owner="AppiumLibrary">
<msg time="2025-07-10T14:24:03.097258" level="INFO">Clicking element 'id=com.saucelabs.mydemoapp.android:id/removeBt'.</msg>
<msg time="2025-07-10T14:24:03.828737" level="INFO">criteria is com.saucelabs.mydemoapp.android:id/removeBt</msg>
<arg>id=com.saucelabs.mydemoapp.android:id/removeBt</arg>
<doc>Click element identified by `locator`.</doc>
<status status="PASS" start="2025-07-10T14:24:03.095296" elapsed="0.733441"/>
</kw>
<kw name="Click Element" owner="AppiumLibrary">
<msg time="2025-07-10T14:24:03.830776" level="INFO">Clicking element 'id=com.saucelabs.mydemoapp.android:id/menuIV'.</msg>
<msg time="2025-07-10T14:24:09.790748" level="INFO">criteria is com.saucelabs.mydemoapp.android:id/menuIV</msg>
<arg>id=com.saucelabs.mydemoapp.android:id/menuIV</arg>
<doc>Click element identified by `locator`.</doc>
<status status="PASS" start="2025-07-10T14:24:03.828737" elapsed="5.962011"/>
</kw>
<kw name="Click Element" owner="AppiumLibrary">
<msg time="2025-07-10T14:24:09.792802" level="INFO">Clicking element 'xpath=//androidx.recyclerview.widget.RecyclerView[@content-desc="Recycler view for menu"]/android.view.ViewGroup[1]/android.widget.TextView[2]'.</msg>
<msg time="2025-07-10T14:24:10.838352" level="INFO">xpath criteria: //androidx.recyclerview.widget.RecyclerView[@content-desc="Recycler view for menu"]/android.view.ViewGroup[1]/android.widget.TextView[2]</msg>
<arg>xpath=//androidx.recyclerview.widget.RecyclerView[@content-desc="Recycler view for menu"]/android.view.ViewGroup[1]/android.widget.TextView[2]</arg>
<doc>Click element identified by `locator`.</doc>
<status status="PASS" start="2025-07-10T14:24:09.790748" elapsed="1.047604"/>
</kw>
<status status="PASS" start="2025-07-10T14:24:03.095296" elapsed="7.744082"/>
</kw>
<status status="PASS" start="2025-07-10T14:23:50.602725" elapsed="20.236653"/>
</test>
<test id="s1-t6" name="TC006" line="34">
<kw name="Selecionar Produto">
<kw name="Set Variable" owner="BuiltIn">
<msg time="2025-07-10T14:24:10.842419" level="INFO">${img_produto} = xpath=//android.widget.ImageView[@content-desc="Test.sllTheThings() T-Shirt"]</msg>
<var>${img_produto}</var>
<arg>xpath=//android.widget.ImageView[@content-desc="${product_name}"]</arg>
<doc>Returns the given values which can then be assigned to a variables.</doc>
<status status="PASS" start="2025-07-10T14:24:10.842419" elapsed="0.000960"/>
</kw>
<for flavor="IN RANGE">
<iter>
<kw name="Swipe" owner="AppiumLibrary">
<arg>${470}</arg>
<arg>${1876}</arg>
<arg>${457}</arg>
<arg>${1224}</arg>
<doc>Swipe from one point to another point, for an optional duration.</doc>
<status status="PASS" start="2025-07-10T14:24:10.843379" elapsed="3.155900"/>
</kw>
<var name="${counter}">0</var>
<status status="PASS" start="2025-07-10T14:24:10.843379" elapsed="3.155900"/>
</iter>
<var>${counter}</var>
<value>${swipe_count}</value>
<status status="PASS" start="2025-07-10T14:24:10.843379" elapsed="3.156946"/>
</for>
<kw name="Click Element" owner="AppiumLibrary">
<msg time="2025-07-10T14:24:14.002324" level="INFO">Clicking element 'xpath=//android.widget.ImageView[@content-desc="Test.sllTheThings() T-Shirt"]'.</msg>
<msg time="2025-07-10T14:24:15.735281" level="INFO">xpath criteria: //android.widget.ImageView[@content-desc="Test.sllTheThings() T-Shirt"]</msg>
<arg>${img_produto}</arg>
<doc>Click element identified by `locator`.</doc>
<status status="PASS" start="2025-07-10T14:24:14.000325" elapsed="1.735070"/>
</kw>
<kw name="Swipe" owner="AppiumLibrary">
<arg>${470}</arg>
<arg>${1876}</arg>
<arg>${457}</arg>
<arg>${1224}</arg>
<doc>Swipe from one point to another point, for an optional duration.</doc>
<status status="PASS" start="2025-07-10T14:24:15.735473" elapsed="3.708857"/>
</kw>
<kw name="Set Variable" owner="BuiltIn">
<msg time="2025-07-10T14:24:19.445288" level="INFO">${btn_adicionar_carrinho} = xpath=//android.widget.Button[@content-desc="Tap to add product to cart"]</msg>
<var>${btn_adicionar_carrinho}</var>
<arg>xpath=//android.widget.Button[@content-desc="Tap to add product to cart"]</arg>
<doc>Returns the given values which can then be assigned to a variables.</doc>
<status status="PASS" start="2025-07-10T14:24:19.445288" elapsed="0.000000"/>
</kw>
<kw name="Wait Until Element Is Visible" owner="AppiumLibrary">
<msg time="2025-07-10T14:24:20.220999" level="INFO">xpath criteria: //android.widget.Button[@content-desc="Tap to add product to cart"]</msg>
<arg>${btn_adicionar_carrinho}</arg>
<doc>Waits until element specified with `locator` is visible.</doc>
<status status="PASS" start="2025-07-10T14:24:19.445288" elapsed="0.775711"/>
</kw>
<kw name="Click Element" owner="AppiumLibrary">
<msg time="2025-07-10T14:24:20.224065" level="INFO">Clicking element 'xpath=//android.widget.Button[@content-desc="Tap to add product to cart"]'.</msg>
<msg time="2025-07-10T14:24:21.489752" level="INFO">xpath criteria: //android.widget.Button[@content-desc="Tap to add product to cart"]</msg>
<arg>${btn_adicionar_carrinho}</arg>
<doc>Click element identified by `locator`.</doc>
<status status="PASS" start="2025-07-10T14:24:20.220999" elapsed="1.268753"/>
</kw>
<kw name="Set Variable" owner="BuiltIn">
<msg time="2025-07-10T14:24:21.490764" level="INFO">${ico_carrinho} = xpath=//android.widget.RelativeLayout[@content-desc="Displays number of items in your cart"]/android.widget.ImageView</msg>
<var>${ico_carrinho}</var>
<arg>xpath=//android.widget.RelativeLayout[@content-desc="Displays number of items in your cart"]/android.widget.ImageView</arg>
<doc>Returns the given values which can then be assigned to a variables.</doc>
<status status="PASS" start="2025-07-10T14:24:21.490764" elapsed="0.000000"/>
</kw>
<kw name="Click Element" owner="AppiumLibrary">
<msg time="2025-07-10T14:24:21.493766" level="INFO">Clicking element 'xpath=//android.widget.RelativeLayout[@content-desc="Displays number of items in your cart"]/android.widget.ImageView'.</msg>
<msg time="2025-07-10T14:24:22.627565" level="INFO">xpath criteria: //android.widget.RelativeLayout[@content-desc="Displays number of items in your cart"]/android.widget.ImageView</msg>
<arg>${ico_carrinho}</arg>
<doc>Click element identified by `locator`.</doc>
<status status="PASS" start="2025-07-10T14:24:21.490764" elapsed="1.136801"/>
</kw>
<kw name="Set Variable" owner="BuiltIn">
<msg time="2025-07-10T14:24:22.628781" level="INFO">${lbl_nome_produto} = xpath=//android.widget.TextView[@resource-id="com.saucelabs.mydemoapp.android:id/titleTV"]</msg>
<var>${lbl_nome_produto}</var>
<arg>xpath=//android.widget.TextView[@resource-id="com.saucelabs.mydemoapp.android:id/titleTV"]</arg>
<doc>Returns the given values which can then be assigned to a variables.</doc>
<status status="PASS" start="2025-07-10T14:24:22.628781" elapsed="0.000000"/>
</kw>
<kw name="Element Text Should Be" owner="AppiumLibrary">
<msg time="2025-07-10T14:24:22.631781" level="INFO">Verifying element 'xpath=//android.widget.TextView[@resource-id="com.saucelabs.mydemoapp.android:id/titleTV"]' contains exactly text 'Test.sllTheThings() T-Shirt'.</msg>
<msg time="2025-07-10T14:24:23.015070" level="INFO">xpath criteria: //android.widget.TextView[@resource-id="com.saucelabs.mydemoapp.android:id/titleTV"]</msg>
<arg>${lbl_nome_produto}</arg>
<arg>${product_name}</arg>
<doc>Verifies element identified by ``locator`` exactly contains text ``expected``.</doc>
<status status="PASS" start="2025-07-10T14:24:22.628781" elapsed="0.386289"/>
</kw>
<kw name="Set Variable" owner="BuiltIn">
<msg time="2025-07-10T14:24:23.016137" level="INFO">${lbl_preco_produto} = id=com.saucelabs.mydemoapp.android:id/priceTV</msg>
<var>${lbl_preco_produto}</var>
<arg>id=com.saucelabs.mydemoapp.android:id/priceTV</arg>
<doc>Returns the given values which can then be assigned to a variables.</doc>
<status status="PASS" start="2025-07-10T14:24:23.016137" elapsed="0.000000"/>
</kw>
<kw name="Element Text Should Be" owner="AppiumLibrary">
<msg time="2025-07-10T14:24:23.019138" level="INFO">Verifying element 'id=com.saucelabs.mydemoapp.android:id/priceTV' contains exactly text '$ 15.99'.</msg>
<msg time="2025-07-10T14:24:23.381331" level="INFO">criteria is com.saucelabs.mydemoapp.android:id/priceTV</msg>
<arg>${lbl_preco_produto}</arg>
<arg>${product_price}</arg>
<doc>Verifies element identified by ``locator`` exactly contains text ``expected``.</doc>
<status status="PASS" start="2025-07-10T14:24:23.016137" elapsed="0.365194"/>
</kw>
<arg>Test.sllTheThings() T-Shirt</arg>
<arg>$ 15.99</arg>
<arg>1</arg>
<status status="PASS" start="2025-07-10T14:24:10.841375" elapsed="12.539956"/>
</kw>
<kw name="Limpar Carrinho e Deslogar" type="TEARDOWN">
<kw name="Click Element" owner="AppiumLibrary">
<msg time="2025-07-10T14:24:23.384333" level="INFO">Clicking element 'id=com.saucelabs.mydemoapp.android:id/removeBt'.</msg>
<msg time="2025-07-10T14:24:24.162969" level="INFO">criteria is com.saucelabs.mydemoapp.android:id/removeBt</msg>
<arg>id=com.saucelabs.mydemoapp.android:id/removeBt</arg>
<doc>Click element identified by `locator`.</doc>
<status status="PASS" start="2025-07-10T14:24:23.382333" elapsed="0.780636"/>
</kw>
<kw name="Click Element" owner="AppiumLibrary">
<msg time="2025-07-10T14:24:24.166032" level="INFO">Clicking element 'id=com.saucelabs.mydemoapp.android:id/menuIV'.</msg>
<msg time="2025-07-10T14:24:30.130967" level="INFO">criteria is com.saucelabs.mydemoapp.android:id/menuIV</msg>
<arg>id=com.saucelabs.mydemoapp.android:id/menuIV</arg>
<doc>Click element identified by `locator`.</doc>
<status status="PASS" start="2025-07-10T14:24:24.164035" elapsed="5.966932"/>
</kw>
<kw name="Click Element" owner="AppiumLibrary">
<msg time="2025-07-10T14:24:30.134033" level="INFO">Clicking element 'xpath=//androidx.recyclerview.widget.RecyclerView[@content-desc="Recycler view for menu"]/android.view.ViewGroup[1]/android.widget.TextView[2]'.</msg>
<msg time="2025-07-10T14:24:31.140883" level="INFO">xpath criteria: //androidx.recyclerview.widget.RecyclerView[@content-desc="Recycler view for menu"]/android.view.ViewGroup[1]/android.widget.TextView[2]</msg>
<arg>xpath=//androidx.recyclerview.widget.RecyclerView[@content-desc="Recycler view for menu"]/android.view.ViewGroup[1]/android.widget.TextView[2]</arg>
<doc>Click element identified by `locator`.</doc>
<status status="PASS" start="2025-07-10T14:24:30.132035" elapsed="1.008848"/>
</kw>
<status status="PASS" start="2025-07-10T14:24:23.382333" elapsed="7.759617"/>
</kw>
<status status="PASS" start="2025-07-10T14:24:10.840378" elapsed="20.301572"/>
</test>
<kw name="Close Application" owner="AppiumLibrary" type="TEARDOWN">
<doc>Closes the current application and also close webdriver session.</doc>
<status status="PASS" start="2025-07-10T14:24:31.144026" elapsed="3.170230"/>
</kw>
<status status="FAIL" start="2025-07-10T14:21:51.001219" elapsed="163.313037"/>
</suite>
<statistics>
<total>
<stat pass="5" fail="1" skip="0">All Tests</stat>
</total>
<tag>
</tag>
<suite>
<stat name="Selecionar Produto Mobile Ddt" id="s1" pass="5" fail="1" skip="0">Selecionar Produto Mobile Ddt</stat>
</suite>
</statistics>
<errors>
</errors>
</robot>
